{"../src/lib/xml2json.js":{"path":"../src/lib/xml2json.js","s":{"1":1,"2":0,"3":0,"4":0,"5":0,"6":0,"7":0,"8":0,"9":1,"10":0,"11":0,"12":0,"13":0,"14":0,"15":0,"16":1,"17":0,"18":1,"19":0,"20":0,"21":0,"22":1,"23":0,"24":1,"25":0,"26":0,"27":0,"28":0,"29":0,"30":0,"31":0,"32":0,"33":0,"34":0,"35":0,"36":0,"37":0,"38":0,"39":0,"40":0,"41":0,"42":0,"43":0,"44":0,"45":0,"46":0,"47":0,"48":0,"49":0,"50":0,"51":0,"52":0,"53":0,"54":0,"55":0,"56":0,"57":0,"58":0,"59":0,"60":0,"61":0,"62":0,"63":0,"64":0,"65":0,"66":0,"67":0,"68":0,"69":0,"70":0,"71":0,"72":0,"73":0,"74":0,"75":0,"76":0,"77":0,"78":0,"79":0,"80":0,"81":0,"82":0,"83":0,"84":0,"85":0,"86":0,"87":0,"88":0,"89":0,"90":0,"91":0,"92":1,"93":0,"94":0,"95":0,"96":0,"97":0,"98":0,"99":0,"100":0,"101":0,"102":0,"103":1,"104":0,"105":1,"106":0,"107":1,"108":0,"109":0,"110":0,"111":1,"112":0,"113":0,"114":0,"115":0,"116":0,"117":0,"118":0,"119":1,"120":0,"121":0,"122":0,"123":0,"124":0,"125":0,"126":1,"127":0,"128":0,"129":0,"130":0,"131":0,"132":0,"133":0,"134":0,"135":1,"136":0,"137":0,"138":0,"139":0,"140":0,"141":0,"142":0,"143":0,"144":1,"145":0,"146":0,"147":0,"148":0,"149":0,"150":0,"151":0,"152":0,"153":1,"154":0,"155":0,"156":0,"157":0,"158":0,"159":0,"160":0,"161":0,"162":0,"163":0,"164":0,"165":0,"166":0,"167":0,"168":0,"169":0,"170":0,"171":0,"172":0,"173":0,"174":0,"175":0,"176":0,"177":0,"178":0,"179":0,"180":0,"181":0,"182":0,"183":0,"184":0,"185":0,"186":0,"187":0,"188":0,"189":0,"190":0,"191":0,"192":0,"193":0,"194":0,"195":0,"196":0,"197":0,"198":0,"199":0,"200":0,"201":0,"202":0},"b":{"1":[0,0],"2":[0,0],"3":[0,0],"4":[0,0],"5":[0,0],"6":[0,0],"7":[0,0],"8":[0,0],"9":[0,0],"10":[0,0],"11":[0,0],"12":[0,0],"13":[0,0],"14":[0,0],"15":[0,0],"16":[0,0],"17":[0,0],"18":[0,0],"19":[0,0],"20":[0,0],"21":[0,0],"22":[0,0],"23":[0,0],"24":[0,0],"25":[0,0],"26":[0,0],"27":[0,0],"28":[0,0],"29":[0,0],"30":[0,0],"31":[0,0],"32":[0,0],"33":[0,0],"34":[0,0],"35":[0,0],"36":[0,0],"37":[0,0,0],"38":[0,0],"39":[0,0],"40":[0,0],"41":[0,0],"42":[0,0],"43":[0,0],"44":[0,0],"45":[0,0],"46":[0,0],"47":[0,0],"48":[0,0],"49":[0,0],"50":[0,0],"51":[0,0],"52":[0,0],"53":[0,0],"54":[0,0],"55":[0,0],"56":[0,0],"57":[0,0,0],"58":[0,0],"59":[0,0]},"f":{"1":0,"2":0,"3":0,"4":0,"5":0,"6":0,"7":0,"8":0,"9":0,"10":0,"11":0,"12":0,"13":0,"14":0,"15":0,"16":0,"17":0,"18":0,"19":0,"20":0,"21":0,"22":0,"23":0,"24":0},"fnMap":{"1":{"name":"X2JS","line":18,"loc":{"start":{"line":18,"column":0},"end":{"line":18,"column":48}}},"2":{"name":"getNodeLocalName","line":38,"loc":{"start":{"line":38,"column":1},"end":{"line":38,"column":35}}},"3":{"name":"getNodePrefix","line":47,"loc":{"start":{"line":47,"column":1},"end":{"line":47,"column":30}}},"4":{"name":"escapeXmlChars","line":51,"loc":{"start":{"line":51,"column":1},"end":{"line":51,"column":30}}},"5":{"name":"unescapeXmlChars","line":58,"loc":{"start":{"line":58,"column":1},"end":{"line":58,"column":32}}},"6":{"name":"parseDOMChildren","line":62,"loc":{"start":{"line":62,"column":1},"end":{"line":62,"column":35}}},"7":{"name":"(anonymous_7)","line":161,"loc":{"start":{"line":161,"column":22},"end":{"line":161,"column":33}}},"8":{"name":"startTag","line":177,"loc":{"start":{"line":177,"column":1},"end":{"line":177,"column":55}}},"9":{"name":"endTag","line":193,"loc":{"start":{"line":193,"column":1},"end":{"line":193,"column":38}}},"10":{"name":"endsWith","line":197,"loc":{"start":{"line":197,"column":1},"end":{"line":197,"column":32}}},"11":{"name":"jsonXmlSpecialElem","line":201,"loc":{"start":{"line":201,"column":1},"end":{"line":201,"column":55}}},"12":{"name":"jsonXmlElemCount","line":210,"loc":{"start":{"line":210,"column":1},"end":{"line":210,"column":39}}},"13":{"name":"parseJSONAttributes","line":222,"loc":{"start":{"line":222,"column":1},"end":{"line":222,"column":42}}},"14":{"name":"parseJSONTextAttrs","line":234,"loc":{"start":{"line":234,"column":1},"end":{"line":234,"column":44}}},"15":{"name":"parseJSONTextObject","line":250,"loc":{"start":{"line":250,"column":1},"end":{"line":250,"column":45}}},"16":{"name":"parseJSONArray","line":267,"loc":{"start":{"line":267,"column":1},"end":{"line":267,"column":63}}},"17":{"name":"parseJSONObject","line":282,"loc":{"start":{"line":282,"column":1},"end":{"line":282,"column":38}}},"18":{"name":"(anonymous_18)","line":330,"loc":{"start":{"line":330,"column":23},"end":{"line":330,"column":43}}},"19":{"name":"(anonymous_19)","line":348,"loc":{"start":{"line":348,"column":17},"end":{"line":348,"column":35}}},"20":{"name":"(anonymous_20)","line":352,"loc":{"start":{"line":352,"column":21},"end":{"line":352,"column":42}}},"21":{"name":"(anonymous_21)","line":357,"loc":{"start":{"line":357,"column":21},"end":{"line":357,"column":40}}},"22":{"name":"(anonymous_22)","line":361,"loc":{"start":{"line":361,"column":17},"end":{"line":361,"column":36}}},"23":{"name":"(anonymous_23)","line":366,"loc":{"start":{"line":366,"column":19},"end":{"line":366,"column":31}}},"24":{"name":"(anonymous_24)","line":370,"loc":{"start":{"line":370,"column":19},"end":{"line":370,"column":37}}}},"statementMap":{"1":{"start":{"line":18,"column":0},"end":{"line":373,"column":1}},"2":{"start":{"line":19,"column":4},"end":{"line":21,"column":5}},"3":{"start":{"line":20,"column":8},"end":{"line":20,"column":25}},"4":{"start":{"line":23,"column":4},"end":{"line":25,"column":5}},"5":{"start":{"line":24,"column":8},"end":{"line":24,"column":27}},"6":{"start":{"line":27,"column":1},"end":{"line":27,"column":24}},"7":{"start":{"line":28,"column":1},"end":{"line":28,"column":24}},"8":{"start":{"line":30,"column":1},"end":{"line":36,"column":3}},"9":{"start":{"line":38,"column":1},"end":{"line":45,"column":2}},"10":{"start":{"line":39,"column":2},"end":{"line":39,"column":37}},"11":{"start":{"line":40,"column":2},"end":{"line":41,"column":33}},"12":{"start":{"line":41,"column":3},"end":{"line":41,"column":33}},"13":{"start":{"line":42,"column":2},"end":{"line":43,"column":33}},"14":{"start":{"line":43,"column":3},"end":{"line":43,"column":33}},"15":{"start":{"line":44,"column":2},"end":{"line":44,"column":23}},"16":{"start":{"line":47,"column":1},"end":{"line":49,"column":2}},"17":{"start":{"line":48,"column":2},"end":{"line":48,"column":21}},"18":{"start":{"line":51,"column":1},"end":{"line":56,"column":2}},"19":{"start":{"line":52,"column":2},"end":{"line":55,"column":14}},"20":{"start":{"line":53,"column":3},"end":{"line":53,"column":154}},"21":{"start":{"line":55,"column":3},"end":{"line":55,"column":14}},"22":{"start":{"line":58,"column":1},"end":{"line":60,"column":2}},"23":{"start":{"line":59,"column":2},"end":{"line":59,"column":152}},"24":{"start":{"line":62,"column":1},"end":{"line":175,"column":2}},"25":{"start":{"line":63,"column":2},"end":{"line":174,"column":3}},"26":{"start":{"line":64,"column":3},"end":{"line":67,"column":11}},"27":{"start":{"line":70,"column":3},"end":{"line":75,"column":4}},"28":{"start":{"line":71,"column":6},"end":{"line":74,"column":7}},"29":{"start":{"line":72,"column":10},"end":{"line":72,"column":37}},"30":{"start":{"line":73,"column":10},"end":{"line":73,"column":16}},"31":{"start":{"line":77,"column":3},"end":{"line":83,"column":4}},"32":{"start":{"line":78,"column":7},"end":{"line":78,"column":40}},"33":{"start":{"line":80,"column":7},"end":{"line":80,"column":19}},"34":{"start":{"line":81,"column":7},"end":{"line":81,"column":47}},"35":{"start":{"line":82,"column":16},"end":{"line":82,"column":60}},"36":{"start":{"line":85,"column":3},"end":{"line":85,"column":17}},"37":{"start":{"line":88,"column":2},"end":{"line":174,"column":3}},"38":{"start":{"line":89,"column":3},"end":{"line":89,"column":27}},"39":{"start":{"line":90,"column":3},"end":{"line":90,"column":18}},"40":{"start":{"line":92,"column":3},"end":{"line":92,"column":38}},"41":{"start":{"line":95,"column":3},"end":{"line":119,"column":4}},"42":{"start":{"line":96,"column":4},"end":{"line":96,"column":40}},"43":{"start":{"line":97,"column":4},"end":{"line":97,"column":44}},"44":{"start":{"line":99,"column":4},"end":{"line":99,"column":19}},"45":{"start":{"line":100,"column":4},"end":{"line":118,"column":5}},"46":{"start":{"line":101,"column":5},"end":{"line":101,"column":49}},"47":{"start":{"line":102,"column":5},"end":{"line":102,"column":49}},"48":{"start":{"line":103,"column":5},"end":{"line":103,"column":57}},"49":{"start":{"line":106,"column":5},"end":{"line":114,"column":6}},"50":{"start":{"line":107,"column":6},"end":{"line":113,"column":7}},"51":{"start":{"line":108,"column":7},"end":{"line":108,"column":38}},"52":{"start":{"line":109,"column":7},"end":{"line":109,"column":39}},"53":{"start":{"line":110,"column":7},"end":{"line":110,"column":37}},"54":{"start":{"line":112,"column":7},"end":{"line":112,"column":56}},"55":{"start":{"line":115,"column":5},"end":{"line":115,"column":19}},"56":{"start":{"line":116,"column":5},"end":{"line":116,"column":51}},"57":{"start":{"line":116,"column":43},"end":{"line":116,"column":51}},"58":{"start":{"line":117,"column":5},"end":{"line":117,"column":58}},"59":{"start":{"line":122,"column":3},"end":{"line":134,"column":4}},"60":{"start":{"line":123,"column":4},"end":{"line":123,"column":42}},"61":{"start":{"line":124,"column":4},"end":{"line":124,"column":19}},"62":{"start":{"line":126,"column":4},"end":{"line":126,"column":28}},"63":{"start":{"line":127,"column":4},"end":{"line":131,"column":5}},"64":{"start":{"line":128,"column":8},"end":{"line":128,"column":35}},"65":{"start":{"line":129,"column":8},"end":{"line":130,"column":63}},"66":{"start":{"line":130,"column":12},"end":{"line":130,"column":63}},"67":{"start":{"line":133,"column":4},"end":{"line":133,"column":40}},"68":{"start":{"line":137,"column":3},"end":{"line":137,"column":40}},"69":{"start":{"line":138,"column":3},"end":{"line":141,"column":4}},"70":{"start":{"line":139,"column":4},"end":{"line":139,"column":19}},"71":{"start":{"line":140,"column":4},"end":{"line":140,"column":31}},"72":{"start":{"line":143,"column":3},"end":{"line":145,"column":4}},"73":{"start":{"line":144,"column":4},"end":{"line":144,"column":29}},"74":{"start":{"line":147,"column":3},"end":{"line":153,"column":4}},"75":{"start":{"line":148,"column":4},"end":{"line":148,"column":36}},"76":{"start":{"line":149,"column":4},"end":{"line":150,"column":52}},"77":{"start":{"line":150,"column":5},"end":{"line":150,"column":52}},"78":{"start":{"line":151,"column":4},"end":{"line":151,"column":27}},"79":{"start":{"line":152,"column":4},"end":{"line":152,"column":35}},"80":{"start":{"line":154,"column":3},"end":{"line":158,"column":4}},"81":{"start":{"line":155,"column":4},"end":{"line":155,"column":46}},"82":{"start":{"line":156,"column":4},"end":{"line":156,"column":36}},"83":{"start":{"line":157,"column":4},"end":{"line":157,"column":44}},"84":{"start":{"line":160,"column":3},"end":{"line":164,"column":4}},"85":{"start":{"line":161,"column":4},"end":{"line":163,"column":5}},"86":{"start":{"line":162,"column":5},"end":{"line":162,"column":88}},"87":{"start":{"line":165,"column":3},"end":{"line":165,"column":17}},"88":{"start":{"line":168,"column":2},"end":{"line":174,"column":3}},"89":{"start":{"line":169,"column":3},"end":{"line":169,"column":25}},"90":{"start":{"line":172,"column":2},"end":{"line":174,"column":3}},"91":{"start":{"line":173,"column":6},"end":{"line":173,"column":18}},"92":{"start":{"line":177,"column":1},"end":{"line":191,"column":2}},"93":{"start":{"line":178,"column":2},"end":{"line":178,"column":105}},"94":{"start":{"line":179,"column":2},"end":{"line":185,"column":3}},"95":{"start":{"line":180,"column":3},"end":{"line":184,"column":4}},"96":{"start":{"line":181,"column":4},"end":{"line":181,"column":34}},"97":{"start":{"line":182,"column":4},"end":{"line":182,"column":36}},"98":{"start":{"line":183,"column":4},"end":{"line":183,"column":55}},"99":{"start":{"line":186,"column":2},"end":{"line":189,"column":19}},"100":{"start":{"line":187,"column":3},"end":{"line":187,"column":18}},"101":{"start":{"line":189,"column":3},"end":{"line":189,"column":19}},"102":{"start":{"line":190,"column":2},"end":{"line":190,"column":19}},"103":{"start":{"line":193,"column":1},"end":{"line":195,"column":2}},"104":{"start":{"line":194,"column":2},"end":{"line":194,"column":83}},"105":{"start":{"line":197,"column":1},"end":{"line":199,"column":2}},"106":{"start":{"line":198,"column":5},"end":{"line":198,"column":67}},"107":{"start":{"line":201,"column":1},"end":{"line":208,"column":2}},"108":{"start":{"line":202,"column":2},"end":{"line":207,"column":16}},"109":{"start":{"line":205,"column":3},"end":{"line":205,"column":15}},"110":{"start":{"line":207,"column":3},"end":{"line":207,"column":16}},"111":{"start":{"line":210,"column":1},"end":{"line":220,"column":2}},"112":{"start":{"line":211,"column":2},"end":{"line":211,"column":22}},"113":{"start":{"line":212,"column":2},"end":{"line":218,"column":3}},"114":{"start":{"line":213,"column":3},"end":{"line":217,"column":4}},"115":{"start":{"line":214,"column":4},"end":{"line":215,"column":14}},"116":{"start":{"line":215,"column":5},"end":{"line":215,"column":14}},"117":{"start":{"line":216,"column":4},"end":{"line":216,"column":18}},"118":{"start":{"line":219,"column":2},"end":{"line":219,"column":21}},"119":{"start":{"line":222,"column":1},"end":{"line":232,"column":2}},"120":{"start":{"line":223,"column":2},"end":{"line":223,"column":20}},"121":{"start":{"line":224,"column":2},"end":{"line":230,"column":3}},"122":{"start":{"line":225,"column":3},"end":{"line":229,"column":4}},"123":{"start":{"line":226,"column":4},"end":{"line":228,"column":5}},"124":{"start":{"line":227,"column":5},"end":{"line":227,"column":24}},"125":{"start":{"line":231,"column":2},"end":{"line":231,"column":18}},"126":{"start":{"line":234,"column":1},"end":{"line":248,"column":2}},"127":{"start":{"line":235,"column":2},"end":{"line":235,"column":17}},"128":{"start":{"line":237,"column":2},"end":{"line":239,"column":3}},"129":{"start":{"line":238,"column":3},"end":{"line":238,"column":48}},"130":{"start":{"line":241,"column":2},"end":{"line":246,"column":3}},"131":{"start":{"line":242,"column":3},"end":{"line":245,"column":30}},"132":{"start":{"line":243,"column":4},"end":{"line":243,"column":46}},"133":{"start":{"line":245,"column":4},"end":{"line":245,"column":30}},"134":{"start":{"line":247,"column":2},"end":{"line":247,"column":15}},"135":{"start":{"line":250,"column":1},"end":{"line":265,"column":2}},"136":{"start":{"line":251,"column":2},"end":{"line":251,"column":17}},"137":{"start":{"line":253,"column":2},"end":{"line":262,"column":4}},"138":{"start":{"line":254,"column":3},"end":{"line":254,"column":44}},"139":{"start":{"line":257,"column":3},"end":{"line":262,"column":4}},"140":{"start":{"line":258,"column":4},"end":{"line":261,"column":24}},"141":{"start":{"line":259,"column":5},"end":{"line":259,"column":40}},"142":{"start":{"line":261,"column":5},"end":{"line":261,"column":24}},"143":{"start":{"line":264,"column":2},"end":{"line":264,"column":16}},"144":{"start":{"line":267,"column":1},"end":{"line":280,"column":2}},"145":{"start":{"line":268,"column":2},"end":{"line":268,"column":18}},"146":{"start":{"line":269,"column":2},"end":{"line":278,"column":3}},"147":{"start":{"line":270,"column":3},"end":{"line":270,"column":61}},"148":{"start":{"line":273,"column":3},"end":{"line":277,"column":4}},"149":{"start":{"line":274,"column":4},"end":{"line":274,"column":101}},"150":{"start":{"line":275,"column":4},"end":{"line":275,"column":48}},"151":{"start":{"line":276,"column":4},"end":{"line":276,"column":50}},"152":{"start":{"line":279,"column":2},"end":{"line":279,"column":16}},"153":{"start":{"line":282,"column":1},"end":{"line":328,"column":2}},"154":{"start":{"line":283,"column":2},"end":{"line":283,"column":18}},"155":{"start":{"line":285,"column":2},"end":{"line":285,"column":49}},"156":{"start":{"line":287,"column":2},"end":{"line":324,"column":3}},"157":{"start":{"line":288,"column":3},"end":{"line":323,"column":4}},"158":{"start":{"line":290,"column":4},"end":{"line":291,"column":14}},"159":{"start":{"line":291,"column":5},"end":{"line":291,"column":14}},"160":{"start":{"line":293,"column":4},"end":{"line":293,"column":29}},"161":{"start":{"line":295,"column":4},"end":{"line":295,"column":48}},"162":{"start":{"line":297,"column":4},"end":{"line":322,"column":5}},"163":{"start":{"line":298,"column":5},"end":{"line":298,"column":49}},"164":{"start":{"line":301,"column":4},"end":{"line":322,"column":5}},"165":{"start":{"line":303,"column":5},"end":{"line":316,"column":6}},"166":{"start":{"line":304,"column":6},"end":{"line":304,"column":52}},"167":{"start":{"line":307,"column":6},"end":{"line":307,"column":58}},"168":{"start":{"line":308,"column":6},"end":{"line":315,"column":7}},"169":{"start":{"line":309,"column":7},"end":{"line":309,"column":53}},"170":{"start":{"line":310,"column":7},"end":{"line":310,"column":39}},"171":{"start":{"line":311,"column":7},"end":{"line":311,"column":33}},"172":{"start":{"line":314,"column":7},"end":{"line":314,"column":52}},"173":{"start":{"line":319,"column":5},"end":{"line":319,"column":51}},"174":{"start":{"line":320,"column":5},"end":{"line":320,"column":41}},"175":{"start":{"line":321,"column":5},"end":{"line":321,"column":31}},"176":{"start":{"line":325,"column":2},"end":{"line":325,"column":39}},"177":{"start":{"line":327,"column":2},"end":{"line":327,"column":16}},"178":{"start":{"line":330,"column":1},"end":{"line":346,"column":2}},"179":{"start":{"line":331,"column":2},"end":{"line":331,"column":13}},"180":{"start":{"line":332,"column":2},"end":{"line":344,"column":3}},"181":{"start":{"line":333,"column":3},"end":{"line":333,"column":37}},"182":{"start":{"line":334,"column":3},"end":{"line":334,"column":60}},"183":{"start":{"line":338,"column":3},"end":{"line":340,"column":4}},"184":{"start":{"line":339,"column":4},"end":{"line":339,"column":64}},"185":{"start":{"line":341,"column":3},"end":{"line":341,"column":48}},"186":{"start":{"line":342,"column":3},"end":{"line":342,"column":24}},"187":{"start":{"line":343,"column":3},"end":{"line":343,"column":29}},"188":{"start":{"line":345,"column":2},"end":{"line":345,"column":16}},"189":{"start":{"line":348,"column":1},"end":{"line":350,"column":2}},"190":{"start":{"line":349,"column":2},"end":{"line":349,"column":37}},"191":{"start":{"line":352,"column":1},"end":{"line":355,"column":2}},"192":{"start":{"line":353,"column":2},"end":{"line":353,"column":46}},"193":{"start":{"line":354,"column":2},"end":{"line":354,"column":31}},"194":{"start":{"line":357,"column":1},"end":{"line":359,"column":2}},"195":{"start":{"line":358,"column":2},"end":{"line":358,"column":37}},"196":{"start":{"line":361,"column":1},"end":{"line":364,"column":2}},"197":{"start":{"line":362,"column":2},"end":{"line":362,"column":46}},"198":{"start":{"line":363,"column":2},"end":{"line":363,"column":40}},"199":{"start":{"line":366,"column":1},"end":{"line":368,"column":2}},"200":{"start":{"line":367,"column":2},"end":{"line":367,"column":17}},"201":{"start":{"line":370,"column":1},"end":{"line":372,"column":2}},"202":{"start":{"line":371,"column":2},"end":{"line":371,"column":23}}},"branchMap":{"1":{"line":19,"type":"if","locations":[{"start":{"line":19,"column":4},"end":{"line":19,"column":4}},{"start":{"line":19,"column":4},"end":{"line":19,"column":4}}]},"2":{"line":19,"type":"binary-expr","locations":[{"start":{"line":19,"column":8},"end":{"line":19,"column":27}},{"start":{"line":19,"column":31},"end":{"line":19,"column":55}}]},"3":{"line":23,"type":"if","locations":[{"start":{"line":23,"column":4},"end":{"line":23,"column":4}},{"start":{"line":23,"column":4},"end":{"line":23,"column":4}}]},"4":{"line":23,"type":"binary-expr","locations":[{"start":{"line":23,"column":8},"end":{"line":23,"column":27}},{"start":{"line":23,"column":31},"end":{"line":23,"column":55}}]},"5":{"line":40,"type":"if","locations":[{"start":{"line":40,"column":2},"end":{"line":40,"column":2}},{"start":{"line":40,"column":2},"end":{"line":40,"column":2}}]},"6":{"line":42,"type":"if","locations":[{"start":{"line":42,"column":2},"end":{"line":42,"column":2}},{"start":{"line":42,"column":2},"end":{"line":42,"column":2}}]},"7":{"line":42,"type":"binary-expr","locations":[{"start":{"line":42,"column":5},"end":{"line":42,"column":26}},{"start":{"line":42,"column":30},"end":{"line":42,"column":47}}]},"8":{"line":52,"type":"if","locations":[{"start":{"line":52,"column":2},"end":{"line":52,"column":2}},{"start":{"line":52,"column":2},"end":{"line":52,"column":2}}]},"9":{"line":63,"type":"if","locations":[{"start":{"line":63,"column":2},"end":{"line":63,"column":2}},{"start":{"line":63,"column":2},"end":{"line":63,"column":2}}]},"10":{"line":71,"type":"if","locations":[{"start":{"line":71,"column":6},"end":{"line":71,"column":6}},{"start":{"line":71,"column":6},"end":{"line":71,"column":6}}]},"11":{"line":77,"type":"if","locations":[{"start":{"line":77,"column":3},"end":{"line":77,"column":3}},{"start":{"line":77,"column":3},"end":{"line":77,"column":3}}]},"12":{"line":88,"type":"if","locations":[{"start":{"line":88,"column":2},"end":{"line":88,"column":2}},{"start":{"line":88,"column":2},"end":{"line":88,"column":2}}]},"13":{"line":100,"type":"if","locations":[{"start":{"line":100,"column":4},"end":{"line":100,"column":4}},{"start":{"line":100,"column":4},"end":{"line":100,"column":4}}]},"14":{"line":106,"type":"if","locations":[{"start":{"line":106,"column":5},"end":{"line":106,"column":5}},{"start":{"line":106,"column":5},"end":{"line":106,"column":5}}]},"15":{"line":107,"type":"if","locations":[{"start":{"line":107,"column":6},"end":{"line":107,"column":6}},{"start":{"line":107,"column":6},"end":{"line":107,"column":6}}]},"16":{"line":129,"type":"if","locations":[{"start":{"line":129,"column":8},"end":{"line":129,"column":8}},{"start":{"line":129,"column":8},"end":{"line":129,"column":8}}]},"17":{"line":138,"type":"if","locations":[{"start":{"line":138,"column":3},"end":{"line":138,"column":3}},{"start":{"line":138,"column":3},"end":{"line":138,"column":3}}]},"18":{"line":138,"type":"binary-expr","locations":[{"start":{"line":138,"column":6},"end":{"line":138,"column":22}},{"start":{"line":138,"column":26},"end":{"line":138,"column":40}}]},"19":{"line":143,"type":"if","locations":[{"start":{"line":143,"column":3},"end":{"line":143,"column":3}},{"start":{"line":143,"column":3},"end":{"line":143,"column":3}}]},"20":{"line":143,"type":"binary-expr","locations":[{"start":{"line":143,"column":7},"end":{"line":143,"column":24}},{"start":{"line":143,"column":28},"end":{"line":143,"column":49}}]},"21":{"line":147,"type":"if","locations":[{"start":{"line":147,"column":3},"end":{"line":147,"column":3}},{"start":{"line":147,"column":3},"end":{"line":147,"column":3}}]},"22":{"line":149,"type":"if","locations":[{"start":{"line":149,"column":4},"end":{"line":149,"column":4}},{"start":{"line":149,"column":4},"end":{"line":149,"column":4}}]},"23":{"line":154,"type":"if","locations":[{"start":{"line":154,"column":3},"end":{"line":154,"column":3}},{"start":{"line":154,"column":3},"end":{"line":154,"column":3}}]},"24":{"line":160,"type":"if","locations":[{"start":{"line":160,"column":3},"end":{"line":160,"column":3}},{"start":{"line":160,"column":3},"end":{"line":160,"column":3}}]},"25":{"line":160,"type":"binary-expr","locations":[{"start":{"line":160,"column":6},"end":{"line":160,"column":25}},{"start":{"line":160,"column":29},"end":{"line":160,"column":49}}]},"26":{"line":162,"type":"cond-expr","locations":[{"start":{"line":162,"column":32},"end":{"line":162,"column":43}},{"start":{"line":162,"column":44},"end":{"line":162,"column":46}}]},"27":{"line":162,"type":"cond-expr","locations":[{"start":{"line":162,"column":71},"end":{"line":162,"column":83}},{"start":{"line":162,"column":84},"end":{"line":162,"column":86}}]},"28":{"line":168,"type":"if","locations":[{"start":{"line":168,"column":2},"end":{"line":168,"column":2}},{"start":{"line":168,"column":2},"end":{"line":168,"column":2}}]},"29":{"line":168,"type":"binary-expr","locations":[{"start":{"line":168,"column":5},"end":{"line":168,"column":44}},{"start":{"line":168,"column":48},"end":{"line":168,"column":96}}]},"30":{"line":172,"type":"if","locations":[{"start":{"line":172,"column":2},"end":{"line":172,"column":2}},{"start":{"line":172,"column":2},"end":{"line":172,"column":2}}]},"31":{"line":178,"type":"cond-expr","locations":[{"start":{"line":178,"column":69},"end":{"line":178,"column":89}},{"start":{"line":178,"column":91},"end":{"line":178,"column":93}}]},"32":{"line":178,"type":"binary-expr","locations":[{"start":{"line":178,"column":26},"end":{"line":178,"column":39}},{"start":{"line":178,"column":43},"end":{"line":178,"column":65}}]},"33":{"line":179,"type":"if","locations":[{"start":{"line":179,"column":2},"end":{"line":179,"column":2}},{"start":{"line":179,"column":2},"end":{"line":179,"column":2}}]},"34":{"line":186,"type":"if","locations":[{"start":{"line":186,"column":2},"end":{"line":186,"column":2}},{"start":{"line":186,"column":2},"end":{"line":186,"column":2}}]},"35":{"line":194,"type":"cond-expr","locations":[{"start":{"line":194,"column":41},"end":{"line":194,"column":61}},{"start":{"line":194,"column":63},"end":{"line":194,"column":65}}]},"36":{"line":202,"type":"if","locations":[{"start":{"line":202,"column":2},"end":{"line":202,"column":2}},{"start":{"line":202,"column":2},"end":{"line":202,"column":2}}]},"37":{"line":202,"type":"binary-expr","locations":[{"start":{"line":202,"column":5},"end":{"line":202,"column":51}},{"start":{"line":203,"column":7},"end":{"line":203,"column":46}},{"start":{"line":204,"column":8},"end":{"line":204,"column":49}}]},"38":{"line":212,"type":"if","locations":[{"start":{"line":212,"column":2},"end":{"line":212,"column":2}},{"start":{"line":212,"column":2},"end":{"line":212,"column":2}}]},"39":{"line":214,"type":"if","locations":[{"start":{"line":214,"column":4},"end":{"line":214,"column":4}},{"start":{"line":214,"column":4},"end":{"line":214,"column":4}}]},"40":{"line":224,"type":"if","locations":[{"start":{"line":224,"column":2},"end":{"line":224,"column":2}},{"start":{"line":224,"column":2},"end":{"line":224,"column":2}}]},"41":{"line":226,"type":"if","locations":[{"start":{"line":226,"column":4},"end":{"line":226,"column":4}},{"start":{"line":226,"column":4},"end":{"line":226,"column":4}}]},"42":{"line":226,"type":"binary-expr","locations":[{"start":{"line":226,"column":7},"end":{"line":226,"column":40}},{"start":{"line":226,"column":44},"end":{"line":226,"column":74}}]},"43":{"line":237,"type":"if","locations":[{"start":{"line":237,"column":2},"end":{"line":237,"column":2}},{"start":{"line":237,"column":2},"end":{"line":237,"column":2}}]},"44":{"line":241,"type":"if","locations":[{"start":{"line":241,"column":2},"end":{"line":241,"column":2}},{"start":{"line":241,"column":2},"end":{"line":241,"column":2}}]},"45":{"line":242,"type":"if","locations":[{"start":{"line":242,"column":3},"end":{"line":242,"column":3}},{"start":{"line":242,"column":3},"end":{"line":242,"column":3}}]},"46":{"line":253,"type":"if","locations":[{"start":{"line":253,"column":2},"end":{"line":253,"column":2}},{"start":{"line":253,"column":2},"end":{"line":253,"column":2}}]},"47":{"line":257,"type":"if","locations":[{"start":{"line":257,"column":3},"end":{"line":257,"column":3}},{"start":{"line":257,"column":3},"end":{"line":257,"column":3}}]},"48":{"line":258,"type":"if","locations":[{"start":{"line":258,"column":4},"end":{"line":258,"column":4}},{"start":{"line":258,"column":4},"end":{"line":258,"column":4}}]},"49":{"line":269,"type":"if","locations":[{"start":{"line":269,"column":2},"end":{"line":269,"column":2}},{"start":{"line":269,"column":2},"end":{"line":269,"column":2}}]},"50":{"line":287,"type":"if","locations":[{"start":{"line":287,"column":2},"end":{"line":287,"column":2}},{"start":{"line":287,"column":2},"end":{"line":287,"column":2}}]},"51":{"line":290,"type":"if","locations":[{"start":{"line":290,"column":4},"end":{"line":290,"column":4}},{"start":{"line":290,"column":4},"end":{"line":290,"column":4}}]},"52":{"line":297,"type":"if","locations":[{"start":{"line":297,"column":4},"end":{"line":297,"column":4}},{"start":{"line":297,"column":4},"end":{"line":297,"column":4}}]},"53":{"line":297,"type":"binary-expr","locations":[{"start":{"line":297,"column":7},"end":{"line":297,"column":21}},{"start":{"line":297,"column":25},"end":{"line":297,"column":44}}]},"54":{"line":301,"type":"if","locations":[{"start":{"line":301,"column":4},"end":{"line":301,"column":4}},{"start":{"line":301,"column":4},"end":{"line":301,"column":4}}]},"55":{"line":303,"type":"if","locations":[{"start":{"line":303,"column":5},"end":{"line":303,"column":5}},{"start":{"line":303,"column":5},"end":{"line":303,"column":5}}]},"56":{"line":308,"type":"if","locations":[{"start":{"line":308,"column":6},"end":{"line":308,"column":6}},{"start":{"line":308,"column":6},"end":{"line":308,"column":6}}]},"57":{"line":308,"type":"binary-expr","locations":[{"start":{"line":308,"column":9},"end":{"line":308,"column":30}},{"start":{"line":308,"column":34},"end":{"line":308,"column":53}},{"start":{"line":308,"column":57},"end":{"line":308,"column":77}}]},"58":{"line":332,"type":"if","locations":[{"start":{"line":332,"column":2},"end":{"line":332,"column":2}},{"start":{"line":332,"column":2},"end":{"line":332,"column":2}}]},"59":{"line":338,"type":"if","locations":[{"start":{"line":338,"column":3},"end":{"line":338,"column":3}},{"start":{"line":338,"column":3},"end":{"line":338,"column":3}}]}}},"../src/lib/objectiron.js":{"path":"../src/lib/objectiron.js","s":{"1":1,"2":0,"3":0,"4":0,"5":0,"6":0,"7":0,"8":0,"9":0,"10":0,"11":0,"12":0,"13":0,"14":0,"15":0,"16":0,"17":0,"18":0,"19":0,"20":0,"21":0,"22":0,"23":0,"24":0,"25":0,"26":0,"27":0,"28":0,"29":0,"30":0,"31":0,"32":0,"33":0,"34":0,"35":0,"36":0,"37":0,"38":0,"39":0,"40":0,"41":0,"42":0,"43":0,"44":0,"45":0,"46":0,"47":0,"48":0,"49":0,"50":0,"51":0,"52":0,"53":0,"54":0,"55":0,"56":0,"57":0,"58":0,"59":0,"60":0,"61":0,"62":0,"63":0,"64":0,"65":0,"66":0,"67":0,"68":0,"69":0,"70":0,"71":0},"b":{"1":[0,0],"2":[0,0],"3":[0,0],"4":[0,0],"5":[0,0],"6":[0,0],"7":[0,0],"8":[0,0],"9":[0,0],"10":[0,0],"11":[0,0],"12":[0,0],"13":[0,0],"14":[0,0],"15":[0,0],"16":[0,0],"17":[0,0],"18":[0,0],"19":[0,0],"20":[0,0],"21":[0,0],"22":[0,0],"23":[0,0]},"f":{"1":0,"2":0,"3":0,"4":0,"5":0},"fnMap":{"1":{"name":"ObjectIron","line":48,"loc":{"start":{"line":48,"column":0},"end":{"line":48,"column":25}}},"2":{"name":"(anonymous_2)","line":62,"loc":{"start":{"line":62,"column":22},"end":{"line":62,"column":55}}},"3":{"name":"(anonymous_3)","line":80,"loc":{"start":{"line":80,"column":24},"end":{"line":80,"column":61}}},"4":{"name":"(anonymous_4)","line":122,"loc":{"start":{"line":122,"column":18},"end":{"line":122,"column":39}}},"5":{"name":"(anonymous_5)","line":157,"loc":{"start":{"line":157,"column":25},"end":{"line":157,"column":43}}}},"statementMap":{"1":{"start":{"line":48,"column":0},"end":{"line":212,"column":1}},"2":{"start":{"line":50,"column":4},"end":{"line":50,"column":15}},"3":{"start":{"line":53,"column":4},"end":{"line":53,"column":16}},"4":{"start":{"line":54,"column":4},"end":{"line":60,"column":5}},"5":{"start":{"line":55,"column":8},"end":{"line":59,"column":9}},"6":{"start":{"line":56,"column":12},"end":{"line":56,"column":32}},"7":{"start":{"line":58,"column":12},"end":{"line":58,"column":37}},"8":{"start":{"line":62,"column":4},"end":{"line":207,"column":10}},"9":{"start":{"line":63,"column":12},"end":{"line":65,"column":27}},"10":{"start":{"line":67,"column":12},"end":{"line":69,"column":13}},"11":{"start":{"line":68,"column":16},"end":{"line":68,"column":23}},"12":{"start":{"line":71,"column":12},"end":{"line":77,"column":13}},"13":{"start":{"line":72,"column":16},"end":{"line":76,"column":17}},"14":{"start":{"line":73,"column":20},"end":{"line":75,"column":21}},"15":{"start":{"line":74,"column":24},"end":{"line":74,"column":59}},"16":{"start":{"line":81,"column":12},"end":{"line":85,"column":27}},"17":{"start":{"line":87,"column":12},"end":{"line":89,"column":13}},"18":{"start":{"line":88,"column":16},"end":{"line":88,"column":23}},"19":{"start":{"line":91,"column":12},"end":{"line":119,"column":13}},"20":{"start":{"line":92,"column":16},"end":{"line":92,"column":41}},"21":{"start":{"line":94,"column":16},"end":{"line":118,"column":17}},"22":{"start":{"line":95,"column":20},"end":{"line":117,"column":21}},"23":{"start":{"line":97,"column":24},"end":{"line":113,"column":25}},"24":{"start":{"line":98,"column":27},"end":{"line":98,"column":63}},"25":{"start":{"line":99,"column":27},"end":{"line":99,"column":61}},"26":{"start":{"line":102,"column":28},"end":{"line":112,"column":29}},"27":{"start":{"line":103,"column":32},"end":{"line":103,"column":69}},"28":{"start":{"line":107,"column":32},"end":{"line":111,"column":33}},"29":{"start":{"line":108,"column":36},"end":{"line":108,"column":107}},"30":{"start":{"line":110,"column":36},"end":{"line":110,"column":84}},"31":{"start":{"line":116,"column":24},"end":{"line":116,"column":69}},"32":{"start":{"line":123,"column":12},"end":{"line":131,"column":25}},"33":{"start":{"line":133,"column":12},"end":{"line":135,"column":13}},"34":{"start":{"line":134,"column":16},"end":{"line":134,"column":23}},"35":{"start":{"line":137,"column":12},"end":{"line":154,"column":13}},"36":{"start":{"line":138,"column":16},"end":{"line":138,"column":45}},"37":{"start":{"line":140,"column":16},"end":{"line":153,"column":17}},"38":{"start":{"line":141,"column":20},"end":{"line":152,"column":21}},"39":{"start":{"line":142,"column":24},"end":{"line":142,"column":66}},"40":{"start":{"line":143,"column":24},"end":{"line":147,"column":25}},"41":{"start":{"line":144,"column":28},"end":{"line":144,"column":49}},"42":{"start":{"line":145,"column":28},"end":{"line":145,"column":76}},"43":{"start":{"line":146,"column":28},"end":{"line":146,"column":58}},"44":{"start":{"line":149,"column":24},"end":{"line":149,"column":57}},"45":{"start":{"line":150,"column":24},"end":{"line":150,"column":72}},"46":{"start":{"line":151,"column":24},"end":{"line":151,"column":54}},"47":{"start":{"line":158,"column":12},"end":{"line":164,"column":22}},"48":{"start":{"line":166,"column":12},"end":{"line":168,"column":13}},"49":{"start":{"line":167,"column":16},"end":{"line":167,"column":30}},"50":{"start":{"line":170,"column":12},"end":{"line":172,"column":13}},"51":{"start":{"line":171,"column":16},"end":{"line":171,"column":30}},"52":{"start":{"line":175,"column":12},"end":{"line":181,"column":13}},"53":{"start":{"line":176,"column":16},"end":{"line":180,"column":17}},"54":{"start":{"line":177,"column":20},"end":{"line":177,"column":34}},"55":{"start":{"line":178,"column":20},"end":{"line":178,"column":34}},"56":{"start":{"line":179,"column":20},"end":{"line":179,"column":40}},"57":{"start":{"line":184,"column":12},"end":{"line":204,"column":13}},"58":{"start":{"line":185,"column":16},"end":{"line":203,"column":17}},"59":{"start":{"line":186,"column":20},"end":{"line":186,"column":44}},"60":{"start":{"line":187,"column":20},"end":{"line":200,"column":21}},"61":{"start":{"line":188,"column":24},"end":{"line":188,"column":39}},"62":{"start":{"line":190,"column":24},"end":{"line":199,"column":25}},"63":{"start":{"line":191,"column":28},"end":{"line":191,"column":60}},"64":{"start":{"line":192,"column":28},"end":{"line":195,"column":29}},"65":{"start":{"line":193,"column":32},"end":{"line":193,"column":48}},"66":{"start":{"line":194,"column":32},"end":{"line":194,"column":52}},"67":{"start":{"line":197,"column":28},"end":{"line":197,"column":46}},"68":{"start":{"line":198,"column":28},"end":{"line":198,"column":48}},"69":{"start":{"line":202,"column":20},"end":{"line":202,"column":47}},"70":{"start":{"line":206,"column":12},"end":{"line":206,"column":26}},"71":{"start":{"line":209,"column":4},"end":{"line":211,"column":6}}},"branchMap":{"1":{"line":55,"type":"if","locations":[{"start":{"line":55,"column":8},"end":{"line":55,"column":8}},{"start":{"line":55,"column":8},"end":{"line":55,"column":8}}]},"2":{"line":67,"type":"if","locations":[{"start":{"line":67,"column":12},"end":{"line":67,"column":12}},{"start":{"line":67,"column":12},"end":{"line":67,"column":12}}]},"3":{"line":67,"type":"binary-expr","locations":[{"start":{"line":67,"column":16},"end":{"line":67,"column":35}},{"start":{"line":67,"column":39},"end":{"line":67,"column":57}}]},"4":{"line":72,"type":"if","locations":[{"start":{"line":72,"column":16},"end":{"line":72,"column":16}},{"start":{"line":72,"column":16},"end":{"line":72,"column":16}}]},"5":{"line":73,"type":"if","locations":[{"start":{"line":73,"column":20},"end":{"line":73,"column":20}},{"start":{"line":73,"column":20},"end":{"line":73,"column":20}}]},"6":{"line":87,"type":"if","locations":[{"start":{"line":87,"column":12},"end":{"line":87,"column":12}},{"start":{"line":87,"column":12},"end":{"line":87,"column":12}}]},"7":{"line":87,"type":"binary-expr","locations":[{"start":{"line":87,"column":16},"end":{"line":87,"column":35}},{"start":{"line":87,"column":39},"end":{"line":87,"column":62}}]},"8":{"line":94,"type":"if","locations":[{"start":{"line":94,"column":16},"end":{"line":94,"column":16}},{"start":{"line":94,"column":16},"end":{"line":94,"column":16}}]},"9":{"line":95,"type":"if","locations":[{"start":{"line":95,"column":20},"end":{"line":95,"column":20}},{"start":{"line":95,"column":20},"end":{"line":95,"column":20}}]},"10":{"line":97,"type":"if","locations":[{"start":{"line":97,"column":24},"end":{"line":97,"column":24}},{"start":{"line":97,"column":24},"end":{"line":97,"column":24}}]},"11":{"line":102,"type":"if","locations":[{"start":{"line":102,"column":28},"end":{"line":102,"column":28}},{"start":{"line":102,"column":28},"end":{"line":102,"column":28}}]},"12":{"line":102,"type":"binary-expr","locations":[{"start":{"line":102,"column":32},"end":{"line":102,"column":63}},{"start":{"line":102,"column":67},"end":{"line":102,"column":97}}]},"13":{"line":107,"type":"if","locations":[{"start":{"line":107,"column":32},"end":{"line":107,"column":32}},{"start":{"line":107,"column":32},"end":{"line":107,"column":32}}]},"14":{"line":133,"type":"if","locations":[{"start":{"line":133,"column":12},"end":{"line":133,"column":12}},{"start":{"line":133,"column":12},"end":{"line":133,"column":12}}]},"15":{"line":133,"type":"binary-expr","locations":[{"start":{"line":133,"column":16},"end":{"line":133,"column":38}},{"start":{"line":133,"column":42},"end":{"line":133,"column":68}}]},"16":{"line":140,"type":"if","locations":[{"start":{"line":140,"column":16},"end":{"line":140,"column":16}},{"start":{"line":140,"column":16},"end":{"line":140,"column":16}}]},"17":{"line":141,"type":"if","locations":[{"start":{"line":141,"column":20},"end":{"line":141,"column":20}},{"start":{"line":141,"column":20},"end":{"line":141,"column":20}}]},"18":{"line":166,"type":"if","locations":[{"start":{"line":166,"column":12},"end":{"line":166,"column":12}},{"start":{"line":166,"column":12},"end":{"line":166,"column":12}}]},"19":{"line":170,"type":"if","locations":[{"start":{"line":170,"column":12},"end":{"line":170,"column":12}},{"start":{"line":170,"column":12},"end":{"line":170,"column":12}}]},"20":{"line":176,"type":"if","locations":[{"start":{"line":176,"column":16},"end":{"line":176,"column":16}},{"start":{"line":176,"column":16},"end":{"line":176,"column":16}}]},"21":{"line":185,"type":"if","locations":[{"start":{"line":185,"column":16},"end":{"line":185,"column":16}},{"start":{"line":185,"column":16},"end":{"line":185,"column":16}}]},"22":{"line":187,"type":"if","locations":[{"start":{"line":187,"column":20},"end":{"line":187,"column":20}},{"start":{"line":187,"column":20},"end":{"line":187,"column":20}}]},"23":{"line":190,"type":"if","locations":[{"start":{"line":190,"column":24},"end":{"line":190,"column":24}},{"start":{"line":190,"column":24},"end":{"line":190,"column":24}}]}}},"../src/lib/Math.js":{"path":"../src/lib/Math.js","s":{"1":1,"2":1,"3":1,"4":1,"5":1,"6":0,"7":0,"8":0,"9":0,"10":0},"b":{"1":[1,0],"2":[1,0]},"f":{"1":0},"fnMap":{"1":{"name":"(anonymous_1)","line":26,"loc":{"start":{"line":26,"column":28},"end":{"line":26,"column":48}}}},"statementMap":{"1":{"start":{"line":18,"column":1},"end":{"line":20,"column":2}},"2":{"start":{"line":19,"column":2},"end":{"line":19,"column":17}},"3":{"start":{"line":22,"column":1},"end":{"line":24,"column":2}},"4":{"start":{"line":23,"column":2},"end":{"line":23,"column":18}},"5":{"start":{"line":26,"column":1},"end":{"line":34,"column":1}},"6":{"start":{"line":27,"column":1},"end":{"line":27,"column":31}},"7":{"start":{"line":29,"column":1},"end":{"line":29,"column":39}},"8":{"start":{"line":30,"column":1},"end":{"line":30,"column":37}},"9":{"start":{"line":31,"column":1},"end":{"line":31,"column":32}},"10":{"start":{"line":33,"column":1},"end":{"line":33,"column":28}}},"branchMap":{"1":{"line":18,"type":"if","locations":[{"start":{"line":18,"column":1},"end":{"line":18,"column":1}},{"start":{"line":18,"column":1},"end":{"line":18,"column":1}}]},"2":{"line":22,"type":"if","locations":[{"start":{"line":22,"column":1},"end":{"line":22,"column":1}},{"start":{"line":22,"column":1},"end":{"line":22,"column":1}}]}}},"../src/lib/long.js":{"path":"../src/lib/long.js","s":{"1":1,"2":1,"3":1,"4":6,"5":6,"6":1,"7":1,"8":4,"9":3,"10":3,"11":0,"12":4,"13":4,"14":3,"15":4,"16":1,"17":0,"18":0,"19":0,"20":0,"21":0,"22":0,"23":0,"24":0,"25":0,"26":1,"27":2,"28":1,"29":0,"30":0,"31":0,"32":0,"33":0,"34":0,"35":0,"36":0,"37":0,"38":0,"39":0,"40":0,"41":0,"42":0,"43":0,"44":0,"45":0,"46":0,"47":0,"48":0,"49":1,"50":1,"51":1,"52":1,"53":1,"54":1,"55":1,"56":1,"57":1,"58":1,"59":1,"60":1,"61":1,"62":1,"63":0,"64":1,"65":0,"66":1,"67":0,"68":0,"69":0,"70":0,"71":0,"72":0,"73":0,"74":0,"75":0,"76":0,"77":0,"78":0,"79":0,"80":0,"81":0,"82":0,"83":0,"84":0,"85":0,"86":0,"87":0,"88":0,"89":0,"90":0,"91":0,"92":1,"93":0,"94":1,"95":0,"96":1,"97":0,"98":1,"99":0,"100":0,"101":0,"102":0,"103":0,"104":0,"105":0,"106":0,"107":0,"108":1,"109":0,"110":1,"111":0,"112":1,"113":0,"114":1,"115":0,"116":1,"117":0,"118":1,"119":0,"120":1,"121":0,"122":1,"123":0,"124":1,"125":0,"126":1,"127":0,"128":0,"129":0,"130":0,"131":0,"132":0,"133":0,"134":0,"135":0,"136":0,"137":0,"138":1,"139":0,"140":0,"141":0,"142":1,"143":0,"144":0,"145":0,"146":0,"147":0,"148":0,"149":0,"150":0,"151":0,"152":0,"153":0,"154":0,"155":0,"156":0,"157":0,"158":0,"159":0,"160":0,"161":0,"162":0,"163":0,"164":1,"165":0,"166":1,"167":0,"168":0,"169":0,"170":0,"171":0,"172":0,"173":0,"174":0,"175":0,"176":0,"177":0,"178":0,"179":0,"180":0,"181":0,"182":0,"183":0,"184":0,"185":0,"186":0,"187":0,"188":0,"189":0,"190":0,"191":0,"192":0,"193":0,"194":0,"195":0,"196":0,"197":0,"198":0,"199":0,"200":0,"201":0,"202":0,"203":0,"204":0,"205":0,"206":0,"207":0,"208":0,"209":0,"210":0,"211":0,"212":0,"213":1,"214":0,"215":0,"216":0,"217":0,"218":0,"219":0,"220":0,"221":0,"222":0,"223":0,"224":0,"225":0,"226":0,"227":0,"228":0,"229":0,"230":0,"231":0,"232":0,"233":0,"234":0,"235":0,"236":0,"237":0,"238":0,"239":0,"240":0,"241":0,"242":0,"243":0,"244":0,"245":0,"246":0,"247":0,"248":0,"249":0,"250":0,"251":0,"252":0,"253":0,"254":0,"255":1,"256":0,"257":1,"258":0,"259":1,"260":0,"261":1,"262":0,"263":1,"264":0,"265":1,"266":0,"267":0,"268":0,"269":0,"270":0,"271":0,"272":0,"273":0,"274":1,"275":0,"276":0,"277":0,"278":0,"279":0,"280":0,"281":0,"282":0,"283":1,"284":0,"285":0,"286":0,"287":0,"288":0,"289":0,"290":0,"291":0,"292":0,"293":0},"b":{"1":[3,1],"2":[4,4],"3":[0,3],"4":[1,3],"5":[3,1],"6":[4,4],"7":[0,0],"8":[0,0],"9":[0,0],"10":[0,0],"11":[0,0],"12":[0,0],"13":[0,0],"14":[0,0],"15":[0,0],"16":[0,0],"17":[0,0],"18":[0,0],"19":[0,0],"20":[0,0],"21":[0,0],"22":[0,0],"23":[0,0],"24":[0,0],"25":[0,0],"26":[0,0],"27":[0,0],"28":[0,0],"29":[0,0],"30":[0,0],"31":[0,0],"32":[0,0],"33":[0,0],"34":[0,0],"35":[0,0],"36":[0,0],"37":[0,0],"38":[0,0],"39":[0,0],"40":[0,0],"41":[0,0],"42":[0,0],"43":[0,0],"44":[0,0],"45":[0,0],"46":[0,0],"47":[0,0],"48":[0,0],"49":[0,0],"50":[0,0],"51":[0,0],"52":[0,0],"53":[0,0],"54":[0,0],"55":[0,0],"56":[0,0],"57":[0,0],"58":[0,0],"59":[0,0],"60":[0,0],"61":[0,0],"62":[0,0],"63":[0,0],"64":[0,0],"65":[0,0],"66":[0,0],"67":[0,0],"68":[0,0],"69":[0,0],"70":[0,0],"71":[0,0],"72":[0,0],"73":[0,0],"74":[0,0],"75":[0,0]},"f":{"1":6,"2":4,"3":0,"4":2,"5":0,"6":0,"7":0,"8":0,"9":0,"10":0,"11":0,"12":0,"13":0,"14":0,"15":0,"16":0,"17":0,"18":0,"19":0,"20":0,"21":0,"22":0,"23":0,"24":0,"25":0,"26":0,"27":0,"28":0,"29":0,"30":0,"31":0,"32":0,"33":0,"34":0,"35":0},"fnMap":{"1":{"name":"(anonymous_1)","line":52,"loc":{"start":{"line":52,"column":17},"end":{"line":52,"column":37}}},"2":{"name":"(anonymous_2)","line":84,"loc":{"start":{"line":84,"column":25},"end":{"line":84,"column":41}}},"3":{"name":"(anonymous_3)","line":106,"loc":{"start":{"line":106,"column":28},"end":{"line":106,"column":44}}},"4":{"name":"(anonymous_4)","line":130,"loc":{"start":{"line":130,"column":26},"end":{"line":130,"column":54}}},"5":{"name":"(anonymous_5)","line":142,"loc":{"start":{"line":142,"column":28},"end":{"line":142,"column":53}}},"6":{"name":"(anonymous_6)","line":267,"loc":{"start":{"line":267,"column":33},"end":{"line":267,"column":44}}},"7":{"name":"(anonymous_7)","line":273,"loc":{"start":{"line":273,"column":36},"end":{"line":273,"column":47}}},"8":{"name":"(anonymous_8)","line":284,"loc":{"start":{"line":284,"column":36},"end":{"line":284,"column":56}}},"9":{"name":"(anonymous_9)","line":332,"loc":{"start":{"line":332,"column":39},"end":{"line":332,"column":50}}},"10":{"name":"(anonymous_10)","line":338,"loc":{"start":{"line":338,"column":38},"end":{"line":338,"column":49}}},"11":{"name":"(anonymous_11)","line":344,"loc":{"start":{"line":344,"column":46},"end":{"line":344,"column":57}}},"12":{"name":"(anonymous_12)","line":354,"loc":{"start":{"line":354,"column":41},"end":{"line":354,"column":52}}},"13":{"name":"(anonymous_13)","line":374,"loc":{"start":{"line":374,"column":34},"end":{"line":374,"column":45}}},"14":{"name":"(anonymous_14)","line":380,"loc":{"start":{"line":380,"column":38},"end":{"line":380,"column":49}}},"15":{"name":"(anonymous_15)","line":386,"loc":{"start":{"line":386,"column":33},"end":{"line":386,"column":44}}},"16":{"name":"(anonymous_16)","line":395,"loc":{"start":{"line":395,"column":34},"end":{"line":395,"column":50}}},"17":{"name":"(anonymous_17)","line":404,"loc":{"start":{"line":404,"column":37},"end":{"line":404,"column":53}}},"18":{"name":"(anonymous_18)","line":413,"loc":{"start":{"line":413,"column":36},"end":{"line":413,"column":52}}},"19":{"name":"(anonymous_19)","line":422,"loc":{"start":{"line":422,"column":43},"end":{"line":422,"column":59}}},"20":{"name":"(anonymous_20)","line":431,"loc":{"start":{"line":431,"column":39},"end":{"line":431,"column":55}}},"21":{"name":"(anonymous_21)","line":440,"loc":{"start":{"line":440,"column":46},"end":{"line":440,"column":62}}},"22":{"name":"(anonymous_22)","line":451,"loc":{"start":{"line":451,"column":35},"end":{"line":451,"column":51}}},"23":{"name":"(anonymous_23)","line":475,"loc":{"start":{"line":475,"column":34},"end":{"line":475,"column":45}}},"24":{"name":"(anonymous_24)","line":489,"loc":{"start":{"line":489,"column":31},"end":{"line":489,"column":47}}},"25":{"name":"(anonymous_25)","line":523,"loc":{"start":{"line":523,"column":36},"end":{"line":523,"column":52}}},"26":{"name":"(anonymous_26)","line":533,"loc":{"start":{"line":533,"column":36},"end":{"line":533,"column":52}}},"27":{"name":"(anonymous_27)","line":605,"loc":{"start":{"line":605,"column":31},"end":{"line":605,"column":47}}},"28":{"name":"(anonymous_28)","line":689,"loc":{"start":{"line":689,"column":34},"end":{"line":689,"column":50}}},"29":{"name":"(anonymous_29)","line":695,"loc":{"start":{"line":695,"column":31},"end":{"line":695,"column":42}}},"30":{"name":"(anonymous_30)","line":705,"loc":{"start":{"line":705,"column":31},"end":{"line":705,"column":47}}},"31":{"name":"(anonymous_31)","line":716,"loc":{"start":{"line":716,"column":30},"end":{"line":716,"column":46}}},"32":{"name":"(anonymous_32)","line":727,"loc":{"start":{"line":727,"column":31},"end":{"line":727,"column":47}}},"33":{"name":"(anonymous_33)","line":738,"loc":{"start":{"line":738,"column":37},"end":{"line":738,"column":55}}},"34":{"name":"(anonymous_34)","line":761,"loc":{"start":{"line":761,"column":38},"end":{"line":761,"column":56}}},"35":{"name":"(anonymous_35)","line":788,"loc":{"start":{"line":788,"column":46},"end":{"line":788,"column":64}}}},"statementMap":{"1":{"start":{"line":15,"column":0},"end":{"line":15,"column":10}},"2":{"start":{"line":16,"column":0},"end":{"line":16,"column":15}},"3":{"start":{"line":52,"column":0},"end":{"line":64,"column":2}},"4":{"start":{"line":57,"column":2},"end":{"line":57,"column":22}},"5":{"start":{"line":63,"column":2},"end":{"line":63,"column":24}},"6":{"start":{"line":76,"column":0},"end":{"line":76,"column":30}},"7":{"start":{"line":84,"column":0},"end":{"line":97,"column":2}},"8":{"start":{"line":85,"column":2},"end":{"line":90,"column":3}},"9":{"start":{"line":86,"column":4},"end":{"line":86,"column":52}},"10":{"start":{"line":87,"column":4},"end":{"line":89,"column":5}},"11":{"start":{"line":88,"column":6},"end":{"line":88,"column":23}},"12":{"start":{"line":92,"column":2},"end":{"line":92,"column":62}},"13":{"start":{"line":93,"column":2},"end":{"line":95,"column":3}},"14":{"start":{"line":94,"column":4},"end":{"line":94,"column":42}},"15":{"start":{"line":96,"column":2},"end":{"line":96,"column":13}},"16":{"start":{"line":106,"column":0},"end":{"line":120,"column":2}},"17":{"start":{"line":107,"column":2},"end":{"line":119,"column":3}},"18":{"start":{"line":108,"column":4},"end":{"line":108,"column":31}},"19":{"start":{"line":109,"column":9},"end":{"line":119,"column":3}},"20":{"start":{"line":110,"column":4},"end":{"line":110,"column":36}},"21":{"start":{"line":111,"column":9},"end":{"line":119,"column":3}},"22":{"start":{"line":112,"column":4},"end":{"line":112,"column":36}},"23":{"start":{"line":113,"column":9},"end":{"line":119,"column":3}},"24":{"start":{"line":114,"column":4},"end":{"line":114,"column":54}},"25":{"start":{"line":116,"column":4},"end":{"line":118,"column":54}},"26":{"start":{"line":130,"column":0},"end":{"line":132,"column":2}},"27":{"start":{"line":131,"column":2},"end":{"line":131,"column":47}},"28":{"start":{"line":142,"column":0},"end":{"line":175,"column":2}},"29":{"start":{"line":143,"column":2},"end":{"line":145,"column":3}},"30":{"start":{"line":144,"column":4},"end":{"line":144,"column":53}},"31":{"start":{"line":147,"column":2},"end":{"line":147,"column":30}},"32":{"start":{"line":148,"column":2},"end":{"line":150,"column":3}},"33":{"start":{"line":149,"column":4},"end":{"line":149,"column":48}},"34":{"start":{"line":152,"column":2},"end":{"line":156,"column":3}},"35":{"start":{"line":153,"column":4},"end":{"line":153,"column":71}},"36":{"start":{"line":154,"column":9},"end":{"line":156,"column":3}},"37":{"start":{"line":155,"column":4},"end":{"line":155,"column":71}},"38":{"start":{"line":160,"column":2},"end":{"line":160,"column":67}},"39":{"start":{"line":162,"column":2},"end":{"line":162,"column":35}},"40":{"start":{"line":163,"column":2},"end":{"line":173,"column":3}},"41":{"start":{"line":164,"column":4},"end":{"line":164,"column":43}},"42":{"start":{"line":165,"column":4},"end":{"line":165,"column":60}},"43":{"start":{"line":166,"column":4},"end":{"line":172,"column":5}},"44":{"start":{"line":167,"column":6},"end":{"line":167,"column":67}},"45":{"start":{"line":168,"column":6},"end":{"line":168,"column":76}},"46":{"start":{"line":170,"column":6},"end":{"line":170,"column":45}},"47":{"start":{"line":171,"column":6},"end":{"line":171,"column":60}},"48":{"start":{"line":174,"column":2},"end":{"line":174,"column":16}},"49":{"start":{"line":188,"column":0},"end":{"line":188,"column":41}},"50":{"start":{"line":195,"column":0},"end":{"line":195,"column":41}},"51":{"start":{"line":202,"column":0},"end":{"line":203,"column":68}},"52":{"start":{"line":210,"column":0},"end":{"line":211,"column":39}},"53":{"start":{"line":218,"column":0},"end":{"line":219,"column":68}},"54":{"start":{"line":226,"column":0},"end":{"line":227,"column":68}},"55":{"start":{"line":234,"column":0},"end":{"line":235,"column":39}},"56":{"start":{"line":239,"column":0},"end":{"line":239,"column":48}},"57":{"start":{"line":243,"column":0},"end":{"line":243,"column":47}},"58":{"start":{"line":247,"column":0},"end":{"line":247,"column":52}},"59":{"start":{"line":251,"column":0},"end":{"line":252,"column":60}},"60":{"start":{"line":256,"column":0},"end":{"line":256,"column":70}},"61":{"start":{"line":263,"column":0},"end":{"line":263,"column":61}},"62":{"start":{"line":267,"column":0},"end":{"line":269,"column":2}},"63":{"start":{"line":268,"column":2},"end":{"line":268,"column":19}},"64":{"start":{"line":273,"column":0},"end":{"line":276,"column":2}},"65":{"start":{"line":274,"column":2},"end":{"line":275,"column":35}},"66":{"start":{"line":284,"column":0},"end":{"line":328,"column":2}},"67":{"start":{"line":285,"column":2},"end":{"line":285,"column":30}},"68":{"start":{"line":286,"column":2},"end":{"line":288,"column":3}},"69":{"start":{"line":287,"column":4},"end":{"line":287,"column":48}},"70":{"start":{"line":290,"column":2},"end":{"line":292,"column":3}},"71":{"start":{"line":291,"column":4},"end":{"line":291,"column":15}},"72":{"start":{"line":294,"column":2},"end":{"line":305,"column":3}},"73":{"start":{"line":295,"column":4},"end":{"line":304,"column":5}},"74":{"start":{"line":298,"column":6},"end":{"line":298,"column":55}},"75":{"start":{"line":299,"column":6},"end":{"line":299,"column":36}},"76":{"start":{"line":300,"column":6},"end":{"line":300,"column":55}},"77":{"start":{"line":301,"column":6},"end":{"line":301,"column":63}},"78":{"start":{"line":303,"column":6},"end":{"line":303,"column":49}},"79":{"start":{"line":309,"column":2},"end":{"line":309,"column":67}},"80":{"start":{"line":311,"column":2},"end":{"line":311,"column":17}},"81":{"start":{"line":312,"column":2},"end":{"line":312,"column":18}},"82":{"start":{"line":313,"column":2},"end":{"line":327,"column":3}},"83":{"start":{"line":314,"column":4},"end":{"line":314,"column":39}},"84":{"start":{"line":315,"column":4},"end":{"line":315,"column":69}},"85":{"start":{"line":316,"column":4},"end":{"line":316,"column":40}},"86":{"start":{"line":318,"column":4},"end":{"line":318,"column":17}},"87":{"start":{"line":319,"column":4},"end":{"line":326,"column":5}},"88":{"start":{"line":320,"column":6},"end":{"line":320,"column":29}},"89":{"start":{"line":322,"column":6},"end":{"line":324,"column":7}},"90":{"start":{"line":323,"column":8},"end":{"line":323,"column":30}},"91":{"start":{"line":325,"column":6},"end":{"line":325,"column":36}},"92":{"start":{"line":332,"column":0},"end":{"line":334,"column":2}},"93":{"start":{"line":333,"column":2},"end":{"line":333,"column":20}},"94":{"start":{"line":338,"column":0},"end":{"line":340,"column":2}},"95":{"start":{"line":339,"column":2},"end":{"line":339,"column":19}},"96":{"start":{"line":344,"column":0},"end":{"line":347,"column":2}},"97":{"start":{"line":345,"column":2},"end":{"line":346,"column":61}},"98":{"start":{"line":354,"column":0},"end":{"line":370,"column":2}},"99":{"start":{"line":355,"column":2},"end":{"line":369,"column":3}},"100":{"start":{"line":356,"column":4},"end":{"line":360,"column":5}},"101":{"start":{"line":357,"column":6},"end":{"line":357,"column":16}},"102":{"start":{"line":359,"column":6},"end":{"line":359,"column":43}},"103":{"start":{"line":362,"column":4},"end":{"line":362,"column":55}},"104":{"start":{"line":363,"column":4},"end":{"line":367,"column":5}},"105":{"start":{"line":364,"column":6},"end":{"line":366,"column":7}},"106":{"start":{"line":365,"column":8},"end":{"line":365,"column":14}},"107":{"start":{"line":368,"column":4},"end":{"line":368,"column":48}},"108":{"start":{"line":374,"column":0},"end":{"line":376,"column":2}},"109":{"start":{"line":375,"column":2},"end":{"line":375,"column":43}},"110":{"start":{"line":380,"column":0},"end":{"line":382,"column":2}},"111":{"start":{"line":381,"column":2},"end":{"line":381,"column":24}},"112":{"start":{"line":386,"column":0},"end":{"line":388,"column":2}},"113":{"start":{"line":387,"column":2},"end":{"line":387,"column":30}},"114":{"start":{"line":395,"column":0},"end":{"line":397,"column":2}},"115":{"start":{"line":396,"column":2},"end":{"line":396,"column":66}},"116":{"start":{"line":404,"column":0},"end":{"line":406,"column":2}},"117":{"start":{"line":405,"column":2},"end":{"line":405,"column":66}},"118":{"start":{"line":413,"column":0},"end":{"line":415,"column":2}},"119":{"start":{"line":414,"column":2},"end":{"line":414,"column":33}},"120":{"start":{"line":422,"column":0},"end":{"line":424,"column":2}},"121":{"start":{"line":423,"column":2},"end":{"line":423,"column":34}},"122":{"start":{"line":431,"column":0},"end":{"line":433,"column":2}},"123":{"start":{"line":432,"column":2},"end":{"line":432,"column":33}},"124":{"start":{"line":440,"column":0},"end":{"line":442,"column":2}},"125":{"start":{"line":441,"column":2},"end":{"line":441,"column":34}},"126":{"start":{"line":451,"column":0},"end":{"line":471,"column":2}},"127":{"start":{"line":452,"column":2},"end":{"line":454,"column":3}},"128":{"start":{"line":453,"column":4},"end":{"line":453,"column":13}},"129":{"start":{"line":456,"column":2},"end":{"line":456,"column":34}},"130":{"start":{"line":457,"column":2},"end":{"line":457,"column":36}},"131":{"start":{"line":458,"column":2},"end":{"line":460,"column":3}},"132":{"start":{"line":459,"column":4},"end":{"line":459,"column":14}},"133":{"start":{"line":461,"column":2},"end":{"line":463,"column":3}},"134":{"start":{"line":462,"column":4},"end":{"line":462,"column":13}},"135":{"start":{"line":466,"column":2},"end":{"line":470,"column":3}},"136":{"start":{"line":467,"column":4},"end":{"line":467,"column":14}},"137":{"start":{"line":469,"column":4},"end":{"line":469,"column":13}},"138":{"start":{"line":475,"column":0},"end":{"line":481,"column":2}},"139":{"start":{"line":476,"column":2},"end":{"line":480,"column":3}},"140":{"start":{"line":477,"column":4},"end":{"line":477,"column":36}},"141":{"start":{"line":479,"column":4},"end":{"line":479,"column":46}},"142":{"start":{"line":489,"column":0},"end":{"line":515,"column":2}},"143":{"start":{"line":492,"column":2},"end":{"line":492,"column":30}},"144":{"start":{"line":493,"column":2},"end":{"line":493,"column":32}},"145":{"start":{"line":494,"column":2},"end":{"line":494,"column":29}},"146":{"start":{"line":495,"column":2},"end":{"line":495,"column":31}},"147":{"start":{"line":497,"column":2},"end":{"line":497,"column":31}},"148":{"start":{"line":498,"column":2},"end":{"line":498,"column":33}},"149":{"start":{"line":499,"column":2},"end":{"line":499,"column":30}},"150":{"start":{"line":500,"column":2},"end":{"line":500,"column":32}},"151":{"start":{"line":502,"column":2},"end":{"line":502,"column":41}},"152":{"start":{"line":503,"column":2},"end":{"line":503,"column":19}},"153":{"start":{"line":504,"column":2},"end":{"line":504,"column":20}},"154":{"start":{"line":505,"column":2},"end":{"line":505,"column":16}},"155":{"start":{"line":506,"column":2},"end":{"line":506,"column":19}},"156":{"start":{"line":507,"column":2},"end":{"line":507,"column":20}},"157":{"start":{"line":508,"column":2},"end":{"line":508,"column":16}},"158":{"start":{"line":509,"column":2},"end":{"line":509,"column":19}},"159":{"start":{"line":510,"column":2},"end":{"line":510,"column":20}},"160":{"start":{"line":511,"column":2},"end":{"line":511,"column":16}},"161":{"start":{"line":512,"column":2},"end":{"line":512,"column":19}},"162":{"start":{"line":513,"column":2},"end":{"line":513,"column":16}},"163":{"start":{"line":514,"column":2},"end":{"line":514,"column":71}},"164":{"start":{"line":523,"column":0},"end":{"line":525,"column":2}},"165":{"start":{"line":524,"column":2},"end":{"line":524,"column":34}},"166":{"start":{"line":533,"column":0},"end":{"line":597,"column":2}},"167":{"start":{"line":534,"column":2},"end":{"line":538,"column":3}},"168":{"start":{"line":535,"column":4},"end":{"line":535,"column":31}},"169":{"start":{"line":536,"column":9},"end":{"line":538,"column":3}},"170":{"start":{"line":537,"column":4},"end":{"line":537,"column":31}},"171":{"start":{"line":540,"column":2},"end":{"line":544,"column":3}},"172":{"start":{"line":541,"column":4},"end":{"line":541,"column":74}},"173":{"start":{"line":542,"column":9},"end":{"line":544,"column":3}},"174":{"start":{"line":543,"column":4},"end":{"line":543,"column":73}},"175":{"start":{"line":546,"column":2},"end":{"line":554,"column":3}},"176":{"start":{"line":547,"column":4},"end":{"line":551,"column":5}},"177":{"start":{"line":548,"column":6},"end":{"line":548,"column":52}},"178":{"start":{"line":550,"column":6},"end":{"line":550,"column":52}},"179":{"start":{"line":552,"column":9},"end":{"line":554,"column":3}},"180":{"start":{"line":553,"column":4},"end":{"line":553,"column":50}},"181":{"start":{"line":557,"column":2},"end":{"line":560,"column":3}},"182":{"start":{"line":559,"column":4},"end":{"line":559,"column":73}},"183":{"start":{"line":565,"column":2},"end":{"line":565,"column":30}},"184":{"start":{"line":566,"column":2},"end":{"line":566,"column":32}},"185":{"start":{"line":567,"column":2},"end":{"line":567,"column":29}},"186":{"start":{"line":568,"column":2},"end":{"line":568,"column":31}},"187":{"start":{"line":570,"column":2},"end":{"line":570,"column":31}},"188":{"start":{"line":571,"column":2},"end":{"line":571,"column":33}},"189":{"start":{"line":572,"column":2},"end":{"line":572,"column":30}},"190":{"start":{"line":573,"column":2},"end":{"line":573,"column":32}},"191":{"start":{"line":575,"column":2},"end":{"line":575,"column":41}},"192":{"start":{"line":576,"column":2},"end":{"line":576,"column":19}},"193":{"start":{"line":577,"column":2},"end":{"line":577,"column":20}},"194":{"start":{"line":578,"column":2},"end":{"line":578,"column":16}},"195":{"start":{"line":579,"column":2},"end":{"line":579,"column":19}},"196":{"start":{"line":580,"column":2},"end":{"line":580,"column":20}},"197":{"start":{"line":581,"column":2},"end":{"line":581,"column":16}},"198":{"start":{"line":582,"column":2},"end":{"line":582,"column":19}},"199":{"start":{"line":583,"column":2},"end":{"line":583,"column":20}},"200":{"start":{"line":584,"column":2},"end":{"line":584,"column":16}},"201":{"start":{"line":585,"column":2},"end":{"line":585,"column":19}},"202":{"start":{"line":586,"column":2},"end":{"line":586,"column":20}},"203":{"start":{"line":587,"column":2},"end":{"line":587,"column":16}},"204":{"start":{"line":588,"column":2},"end":{"line":588,"column":19}},"205":{"start":{"line":589,"column":2},"end":{"line":589,"column":20}},"206":{"start":{"line":590,"column":2},"end":{"line":590,"column":16}},"207":{"start":{"line":591,"column":2},"end":{"line":591,"column":19}},"208":{"start":{"line":592,"column":2},"end":{"line":592,"column":20}},"209":{"start":{"line":593,"column":2},"end":{"line":593,"column":16}},"210":{"start":{"line":594,"column":2},"end":{"line":594,"column":55}},"211":{"start":{"line":595,"column":2},"end":{"line":595,"column":16}},"212":{"start":{"line":596,"column":2},"end":{"line":596,"column":71}},"213":{"start":{"line":605,"column":0},"end":{"line":681,"column":2}},"214":{"start":{"line":606,"column":2},"end":{"line":610,"column":3}},"215":{"start":{"line":607,"column":4},"end":{"line":607,"column":36}},"216":{"start":{"line":608,"column":9},"end":{"line":610,"column":3}},"217":{"start":{"line":609,"column":4},"end":{"line":609,"column":31}},"218":{"start":{"line":612,"column":2},"end":{"line":632,"column":3}},"219":{"start":{"line":613,"column":4},"end":{"line":629,"column":5}},"220":{"start":{"line":615,"column":6},"end":{"line":615,"column":38}},"221":{"start":{"line":616,"column":11},"end":{"line":629,"column":5}},"222":{"start":{"line":617,"column":6},"end":{"line":617,"column":32}},"223":{"start":{"line":620,"column":6},"end":{"line":620,"column":40}},"224":{"start":{"line":621,"column":6},"end":{"line":621,"column":52}},"225":{"start":{"line":622,"column":6},"end":{"line":628,"column":7}},"226":{"start":{"line":623,"column":8},"end":{"line":623,"column":80}},"227":{"start":{"line":625,"column":8},"end":{"line":625,"column":56}},"228":{"start":{"line":626,"column":8},"end":{"line":626,"column":48}},"229":{"start":{"line":627,"column":8},"end":{"line":627,"column":22}},"230":{"start":{"line":630,"column":9},"end":{"line":632,"column":3}},"231":{"start":{"line":631,"column":4},"end":{"line":631,"column":31}},"232":{"start":{"line":634,"column":2},"end":{"line":642,"column":3}},"233":{"start":{"line":635,"column":4},"end":{"line":639,"column":5}},"234":{"start":{"line":636,"column":6},"end":{"line":636,"column":47}},"235":{"start":{"line":638,"column":6},"end":{"line":638,"column":47}},"236":{"start":{"line":640,"column":9},"end":{"line":642,"column":3}},"237":{"start":{"line":641,"column":4},"end":{"line":641,"column":45}},"238":{"start":{"line":649,"column":2},"end":{"line":649,"column":32}},"239":{"start":{"line":650,"column":2},"end":{"line":650,"column":17}},"240":{"start":{"line":651,"column":2},"end":{"line":679,"column":3}},"241":{"start":{"line":654,"column":4},"end":{"line":654,"column":76}},"242":{"start":{"line":658,"column":4},"end":{"line":658,"column":54}},"243":{"start":{"line":659,"column":4},"end":{"line":659,"column":58}},"244":{"start":{"line":663,"column":4},"end":{"line":663,"column":54}},"245":{"start":{"line":664,"column":4},"end":{"line":664,"column":46}},"246":{"start":{"line":665,"column":4},"end":{"line":669,"column":5}},"247":{"start":{"line":666,"column":6},"end":{"line":666,"column":22}},"248":{"start":{"line":667,"column":6},"end":{"line":667,"column":52}},"249":{"start":{"line":668,"column":6},"end":{"line":668,"column":44}},"250":{"start":{"line":673,"column":4},"end":{"line":675,"column":5}},"251":{"start":{"line":674,"column":6},"end":{"line":674,"column":37}},"252":{"start":{"line":677,"column":4},"end":{"line":677,"column":29}},"253":{"start":{"line":678,"column":4},"end":{"line":678,"column":34}},"254":{"start":{"line":680,"column":2},"end":{"line":680,"column":13}},"255":{"start":{"line":689,"column":0},"end":{"line":691,"column":2}},"256":{"start":{"line":690,"column":2},"end":{"line":690,"column":56}},"257":{"start":{"line":695,"column":0},"end":{"line":697,"column":2}},"258":{"start":{"line":696,"column":2},"end":{"line":696,"column":58}},"259":{"start":{"line":705,"column":0},"end":{"line":708,"column":2}},"260":{"start":{"line":706,"column":2},"end":{"line":707,"column":59}},"261":{"start":{"line":716,"column":0},"end":{"line":719,"column":2}},"262":{"start":{"line":717,"column":2},"end":{"line":718,"column":59}},"263":{"start":{"line":727,"column":0},"end":{"line":730,"column":2}},"264":{"start":{"line":728,"column":2},"end":{"line":729,"column":59}},"265":{"start":{"line":738,"column":0},"end":{"line":753,"column":2}},"266":{"start":{"line":739,"column":2},"end":{"line":739,"column":16}},"267":{"start":{"line":740,"column":2},"end":{"line":752,"column":3}},"268":{"start":{"line":741,"column":4},"end":{"line":741,"column":16}},"269":{"start":{"line":743,"column":4},"end":{"line":743,"column":24}},"270":{"start":{"line":744,"column":4},"end":{"line":751,"column":5}},"271":{"start":{"line":745,"column":6},"end":{"line":745,"column":28}},"272":{"start":{"line":746,"column":6},"end":{"line":748,"column":56}},"273":{"start":{"line":750,"column":6},"end":{"line":750,"column":63}},"274":{"start":{"line":761,"column":0},"end":{"line":778,"column":2}},"275":{"start":{"line":762,"column":2},"end":{"line":762,"column":16}},"276":{"start":{"line":763,"column":2},"end":{"line":777,"column":3}},"277":{"start":{"line":764,"column":4},"end":{"line":764,"column":16}},"278":{"start":{"line":766,"column":4},"end":{"line":766,"column":26}},"279":{"start":{"line":767,"column":4},"end":{"line":776,"column":5}},"280":{"start":{"line":768,"column":6},"end":{"line":768,"column":26}},"281":{"start":{"line":769,"column":6},"end":{"line":771,"column":27}},"282":{"start":{"line":773,"column":6},"end":{"line":775,"column":30}},"283":{"start":{"line":788,"column":0},"end":{"line":805,"column":2}},"284":{"start":{"line":789,"column":2},"end":{"line":789,"column":16}},"285":{"start":{"line":790,"column":2},"end":{"line":804,"column":3}},"286":{"start":{"line":791,"column":4},"end":{"line":791,"column":16}},"287":{"start":{"line":793,"column":4},"end":{"line":793,"column":26}},"288":{"start":{"line":794,"column":4},"end":{"line":803,"column":5}},"289":{"start":{"line":795,"column":6},"end":{"line":795,"column":26}},"290":{"start":{"line":796,"column":6},"end":{"line":798,"column":28}},"291":{"start":{"line":799,"column":11},"end":{"line":803,"column":5}},"292":{"start":{"line":800,"column":6},"end":{"line":800,"column":46}},"293":{"start":{"line":802,"column":6},"end":{"line":802,"column":65}}},"branchMap":{"1":{"line":85,"type":"if","locations":[{"start":{"line":85,"column":2},"end":{"line":85,"column":2}},{"start":{"line":85,"column":2},"end":{"line":85,"column":2}}]},"2":{"line":85,"type":"binary-expr","locations":[{"start":{"line":85,"column":6},"end":{"line":85,"column":19}},{"start":{"line":85,"column":23},"end":{"line":85,"column":34}}]},"3":{"line":87,"type":"if","locations":[{"start":{"line":87,"column":4},"end":{"line":87,"column":4}},{"start":{"line":87,"column":4},"end":{"line":87,"column":4}}]},"4":{"line":92,"type":"cond-expr","locations":[{"start":{"line":92,"column":54},"end":{"line":92,"column":56}},{"start":{"line":92,"column":59},"end":{"line":92,"column":60}}]},"5":{"line":93,"type":"if","locations":[{"start":{"line":93,"column":2},"end":{"line":93,"column":2}},{"start":{"line":93,"column":2},"end":{"line":93,"column":2}}]},"6":{"line":93,"type":"binary-expr","locations":[{"start":{"line":93,"column":6},"end":{"line":93,"column":19}},{"start":{"line":93,"column":23},"end":{"line":93,"column":34}}]},"7":{"line":107,"type":"if","locations":[{"start":{"line":107,"column":2},"end":{"line":107,"column":2}},{"start":{"line":107,"column":2},"end":{"line":107,"column":2}}]},"8":{"line":107,"type":"binary-expr","locations":[{"start":{"line":107,"column":6},"end":{"line":107,"column":18}},{"start":{"line":107,"column":22},"end":{"line":107,"column":38}}]},"9":{"line":109,"type":"if","locations":[{"start":{"line":109,"column":9},"end":{"line":109,"column":9}},{"start":{"line":109,"column":9},"end":{"line":109,"column":9}}]},"10":{"line":111,"type":"if","locations":[{"start":{"line":111,"column":9},"end":{"line":111,"column":9}},{"start":{"line":111,"column":9},"end":{"line":111,"column":9}}]},"11":{"line":113,"type":"if","locations":[{"start":{"line":113,"column":9},"end":{"line":113,"column":9}},{"start":{"line":113,"column":9},"end":{"line":113,"column":9}}]},"12":{"line":143,"type":"if","locations":[{"start":{"line":143,"column":2},"end":{"line":143,"column":2}},{"start":{"line":143,"column":2},"end":{"line":143,"column":2}}]},"13":{"line":147,"type":"binary-expr","locations":[{"start":{"line":147,"column":14},"end":{"line":147,"column":23}},{"start":{"line":147,"column":27},"end":{"line":147,"column":29}}]},"14":{"line":148,"type":"if","locations":[{"start":{"line":148,"column":2},"end":{"line":148,"column":2}},{"start":{"line":148,"column":2},"end":{"line":148,"column":2}}]},"15":{"line":148,"type":"binary-expr","locations":[{"start":{"line":148,"column":6},"end":{"line":148,"column":15}},{"start":{"line":148,"column":19},"end":{"line":148,"column":29}}]},"16":{"line":152,"type":"if","locations":[{"start":{"line":152,"column":2},"end":{"line":152,"column":2}},{"start":{"line":152,"column":2},"end":{"line":152,"column":2}}]},"17":{"line":154,"type":"if","locations":[{"start":{"line":154,"column":9},"end":{"line":154,"column":9}},{"start":{"line":154,"column":9},"end":{"line":154,"column":9}}]},"18":{"line":166,"type":"if","locations":[{"start":{"line":166,"column":4},"end":{"line":166,"column":4}},{"start":{"line":166,"column":4},"end":{"line":166,"column":4}}]},"19":{"line":285,"type":"binary-expr","locations":[{"start":{"line":285,"column":14},"end":{"line":285,"column":23}},{"start":{"line":285,"column":27},"end":{"line":285,"column":29}}]},"20":{"line":286,"type":"if","locations":[{"start":{"line":286,"column":2},"end":{"line":286,"column":2}},{"start":{"line":286,"column":2},"end":{"line":286,"column":2}}]},"21":{"line":286,"type":"binary-expr","locations":[{"start":{"line":286,"column":6},"end":{"line":286,"column":15}},{"start":{"line":286,"column":19},"end":{"line":286,"column":29}}]},"22":{"line":290,"type":"if","locations":[{"start":{"line":290,"column":2},"end":{"line":290,"column":2}},{"start":{"line":290,"column":2},"end":{"line":290,"column":2}}]},"23":{"line":294,"type":"if","locations":[{"start":{"line":294,"column":2},"end":{"line":294,"column":2}},{"start":{"line":294,"column":2},"end":{"line":294,"column":2}}]},"24":{"line":295,"type":"if","locations":[{"start":{"line":295,"column":4},"end":{"line":295,"column":4}},{"start":{"line":295,"column":4},"end":{"line":295,"column":4}}]},"25":{"line":319,"type":"if","locations":[{"start":{"line":319,"column":4},"end":{"line":319,"column":4}},{"start":{"line":319,"column":4},"end":{"line":319,"column":4}}]},"26":{"line":345,"type":"cond-expr","locations":[{"start":{"line":346,"column":6},"end":{"line":346,"column":15}},{"start":{"line":346,"column":18},"end":{"line":346,"column":60}}]},"27":{"line":355,"type":"if","locations":[{"start":{"line":355,"column":2},"end":{"line":355,"column":2}},{"start":{"line":355,"column":2},"end":{"line":355,"column":2}}]},"28":{"line":356,"type":"if","locations":[{"start":{"line":356,"column":4},"end":{"line":356,"column":4}},{"start":{"line":356,"column":4},"end":{"line":356,"column":4}}]},"29":{"line":362,"type":"cond-expr","locations":[{"start":{"line":362,"column":32},"end":{"line":362,"column":42}},{"start":{"line":362,"column":45},"end":{"line":362,"column":54}}]},"30":{"line":364,"type":"if","locations":[{"start":{"line":364,"column":6},"end":{"line":364,"column":6}},{"start":{"line":364,"column":6},"end":{"line":364,"column":6}}]},"31":{"line":368,"type":"cond-expr","locations":[{"start":{"line":368,"column":29},"end":{"line":368,"column":37}},{"start":{"line":368,"column":40},"end":{"line":368,"column":47}}]},"32":{"line":375,"type":"binary-expr","locations":[{"start":{"line":375,"column":9},"end":{"line":375,"column":24}},{"start":{"line":375,"column":28},"end":{"line":375,"column":42}}]},"33":{"line":396,"type":"binary-expr","locations":[{"start":{"line":396,"column":10},"end":{"line":396,"column":35}},{"start":{"line":396,"column":41},"end":{"line":396,"column":64}}]},"34":{"line":405,"type":"binary-expr","locations":[{"start":{"line":405,"column":10},"end":{"line":405,"column":35}},{"start":{"line":405,"column":41},"end":{"line":405,"column":64}}]},"35":{"line":452,"type":"if","locations":[{"start":{"line":452,"column":2},"end":{"line":452,"column":2}},{"start":{"line":452,"column":2},"end":{"line":452,"column":2}}]},"36":{"line":458,"type":"if","locations":[{"start":{"line":458,"column":2},"end":{"line":458,"column":2}},{"start":{"line":458,"column":2},"end":{"line":458,"column":2}}]},"37":{"line":458,"type":"binary-expr","locations":[{"start":{"line":458,"column":6},"end":{"line":458,"column":13}},{"start":{"line":458,"column":17},"end":{"line":458,"column":26}}]},"38":{"line":461,"type":"if","locations":[{"start":{"line":461,"column":2},"end":{"line":461,"column":2}},{"start":{"line":461,"column":2},"end":{"line":461,"column":2}}]},"39":{"line":461,"type":"binary-expr","locations":[{"start":{"line":461,"column":6},"end":{"line":461,"column":14}},{"start":{"line":461,"column":18},"end":{"line":461,"column":26}}]},"40":{"line":466,"type":"if","locations":[{"start":{"line":466,"column":2},"end":{"line":466,"column":2}},{"start":{"line":466,"column":2},"end":{"line":466,"column":2}}]},"41":{"line":476,"type":"if","locations":[{"start":{"line":476,"column":2},"end":{"line":476,"column":2}},{"start":{"line":476,"column":2},"end":{"line":476,"column":2}}]},"42":{"line":534,"type":"if","locations":[{"start":{"line":534,"column":2},"end":{"line":534,"column":2}},{"start":{"line":534,"column":2},"end":{"line":534,"column":2}}]},"43":{"line":536,"type":"if","locations":[{"start":{"line":536,"column":9},"end":{"line":536,"column":9}},{"start":{"line":536,"column":9},"end":{"line":536,"column":9}}]},"44":{"line":540,"type":"if","locations":[{"start":{"line":540,"column":2},"end":{"line":540,"column":2}},{"start":{"line":540,"column":2},"end":{"line":540,"column":2}}]},"45":{"line":541,"type":"cond-expr","locations":[{"start":{"line":541,"column":27},"end":{"line":541,"column":51}},{"start":{"line":541,"column":54},"end":{"line":541,"column":73}}]},"46":{"line":542,"type":"if","locations":[{"start":{"line":542,"column":9},"end":{"line":542,"column":9}},{"start":{"line":542,"column":9},"end":{"line":542,"column":9}}]},"47":{"line":543,"type":"cond-expr","locations":[{"start":{"line":543,"column":26},"end":{"line":543,"column":50}},{"start":{"line":543,"column":53},"end":{"line":543,"column":72}}]},"48":{"line":546,"type":"if","locations":[{"start":{"line":546,"column":2},"end":{"line":546,"column":2}},{"start":{"line":546,"column":2},"end":{"line":546,"column":2}}]},"49":{"line":547,"type":"if","locations":[{"start":{"line":547,"column":4},"end":{"line":547,"column":4}},{"start":{"line":547,"column":4},"end":{"line":547,"column":4}}]},"50":{"line":552,"type":"if","locations":[{"start":{"line":552,"column":9},"end":{"line":552,"column":9}},{"start":{"line":552,"column":9},"end":{"line":552,"column":9}}]},"51":{"line":557,"type":"if","locations":[{"start":{"line":557,"column":2},"end":{"line":557,"column":2}},{"start":{"line":557,"column":2},"end":{"line":557,"column":2}}]},"52":{"line":557,"type":"binary-expr","locations":[{"start":{"line":557,"column":6},"end":{"line":557,"column":47}},{"start":{"line":558,"column":6},"end":{"line":558,"column":48}}]},"53":{"line":606,"type":"if","locations":[{"start":{"line":606,"column":2},"end":{"line":606,"column":2}},{"start":{"line":606,"column":2},"end":{"line":606,"column":2}}]},"54":{"line":608,"type":"if","locations":[{"start":{"line":608,"column":9},"end":{"line":608,"column":9}},{"start":{"line":608,"column":9},"end":{"line":608,"column":9}}]},"55":{"line":612,"type":"if","locations":[{"start":{"line":612,"column":2},"end":{"line":612,"column":2}},{"start":{"line":612,"column":2},"end":{"line":612,"column":2}}]},"56":{"line":613,"type":"if","locations":[{"start":{"line":613,"column":4},"end":{"line":613,"column":4}},{"start":{"line":613,"column":4},"end":{"line":613,"column":4}}]},"57":{"line":613,"type":"binary-expr","locations":[{"start":{"line":613,"column":8},"end":{"line":613,"column":40}},{"start":{"line":614,"column":8},"end":{"line":614,"column":44}}]},"58":{"line":616,"type":"if","locations":[{"start":{"line":616,"column":11},"end":{"line":616,"column":11}},{"start":{"line":616,"column":11},"end":{"line":616,"column":11}}]},"59":{"line":622,"type":"if","locations":[{"start":{"line":622,"column":6},"end":{"line":622,"column":6}},{"start":{"line":622,"column":6},"end":{"line":622,"column":6}}]},"60":{"line":623,"type":"cond-expr","locations":[{"start":{"line":623,"column":36},"end":{"line":623,"column":54}},{"start":{"line":623,"column":57},"end":{"line":623,"column":79}}]},"61":{"line":630,"type":"if","locations":[{"start":{"line":630,"column":9},"end":{"line":630,"column":9}},{"start":{"line":630,"column":9},"end":{"line":630,"column":9}}]},"62":{"line":6
[...]
mn":12}}]},"13":{"line":221,"type":"if","locations":[{"start":{"line":221,"column":12},"end":{"line":221,"column":12}},{"start":{"line":221,"column":12},"end":{"line":221,"column":12}}]},"14":{"line":224,"type":"if","locations":[{"start":{"line":224,"column":12},"end":{"line":224,"column":12}},{"start":{"line":224,"column":12},"end":{"line":224,"column":12}}]},"15":{"line":239,"type":"if","locations":[{"start":{"line":239,"column":12},"end":{"line":239,"column":12}},{"start":{"line":239,"column":12},"end":{"line":239,"column":12}}]},"16":{"line":262,"type":"if","locations":[{"start":{"line":262,"column":12},"end":{"line":262,"column":12}},{"start":{"line":262,"column":12},"end":{"line":262,"column":12}}]},"17":{"line":265,"type":"if","locations":[{"start":{"line":265,"column":12},"end":{"line":265,"column":12}},{"start":{"line":265,"column":12},"end":{"line":265,"column":12}}]},"18":{"line":273,"type":"if","locations":[{"start":{"line":273,"column":12},"end":{"line":273,"column":12}},{"start":{"line":273,"column":12},"end":{"line":273,"column":12}}]},"19":{"line":296,"type":"if","locations":[{"start":{"line":296,"column":12},"end":{"line":296,"column":12}},{"start":{"line":296,"column":12},"end":{"line":296,"column":12}}]},"20":{"line":299,"type":"if","locations":[{"start":{"line":299,"column":12},"end":{"line":299,"column":12}},{"start":{"line":299,"column":12},"end":{"line":299,"column":12}}]},"21":{"line":307,"type":"if","locations":[{"start":{"line":307,"column":12},"end":{"line":307,"column":12}},{"start":{"line":307,"column":12},"end":{"line":307,"column":12}}]},"22":{"line":330,"type":"if","locations":[{"start":{"line":330,"column":12},"end":{"line":330,"column":12}},{"start":{"line":330,"column":12},"end":{"line":330,"column":12}}]},"23":{"line":361,"type":"if","locations":[{"start":{"line":361,"column":12},"end":{"line":361,"column":12}},{"start":{"line":361,"column":12},"end":{"line":361,"column":12}}]},"24":{"line":364,"type":"if","locations":[{"start":{"line":364,"column":3},"end":{"line":364,"column":3}},{"start":{"line":364,"column":3},"end":{"line":364,"column":3}}]},"25":{"line":366,"type":"if","locations":[{"start":{"line":366,"column":4},"end":{"line":366,"column":4}},{"start":{"line":366,"column":4},"end":{"line":366,"column":4}}]},"26":{"line":369,"type":"if","locations":[{"start":{"line":369,"column":4},"end":{"line":369,"column":4}},{"start":{"line":369,"column":4},"end":{"line":369,"column":4}}]},"27":{"line":369,"type":"binary-expr","locations":[{"start":{"line":369,"column":9},"end":{"line":369,"column":35}},{"start":{"line":369,"column":39},"end":{"line":369,"column":74}}]},"28":{"line":377,"type":"if","locations":[{"start":{"line":377,"column":6},"end":{"line":377,"column":6}},{"start":{"line":377,"column":6},"end":{"line":377,"column":6}}]},"29":{"line":377,"type":"binary-expr","locations":[{"start":{"line":377,"column":11},"end":{"line":377,"column":33}},{"start":{"line":377,"column":37},"end":{"line":377,"column":55}}]},"30":{"line":382,"type":"if","locations":[{"start":{"line":382,"column":4},"end":{"line":382,"column":4}},{"start":{"line":382,"column":4},"end":{"line":382,"column":4}}]},"31":{"line":395,"type":"if","locations":[{"start":{"line":395,"column":12},"end":{"line":395,"column":12}},{"start":{"line":395,"column":12},"end":{"line":395,"column":12}}]},"32":{"line":411,"type":"if","locations":[{"start":{"line":411,"column":12},"end":{"line":411,"column":12}},{"start":{"line":411,"column":12},"end":{"line":411,"column":12}}]},"33":{"line":414,"type":"if","locations":[{"start":{"line":414,"column":12},"end":{"line":414,"column":12}},{"start":{"line":414,"column":12},"end":{"line":414,"column":12}}]},"34":{"line":503,"type":"if","locations":[{"start":{"line":503,"column":12},"end":{"line":503,"column":12}},{"start":{"line":503,"column":12},"end":{"line":503,"column":12}}]},"35":{"line":506,"type":"binary-expr","locations":[{"start":{"line":506,"column":18},"end":{"line":506,"column":21}},{"start":{"line":506,"column":25},"end":{"line":506,"column":33}}]},"36":{"line":507,"type":"binary-expr","locations":[{"start":{"line":507,"column":22},"end":{"line":507,"column":29}},{"start":{"line":507,"column":33},"end":{"line":507,"column":42}}]},"37":{"line":509,"type":"if","locations":[{"start":{"line":509,"column":12},"end":{"line":509,"column":12}},{"start":{"line":509,"column":12},"end":{"line":509,"column":12}}]},"38":{"line":512,"type":"if","locations":[{"start":{"line":512,"column":12},"end":{"line":512,"column":12}},{"start":{"line":512,"column":12},"end":{"line":512,"column":12}}]},"39":{"line":515,"type":"if","locations":[{"start":{"line":515,"column":12},"end":{"line":515,"column":12}},{"start":{"line":515,"column":12},"end":{"line":515,"column":12}}]},"40":{"line":518,"type":"if","locations":[{"start":{"line":518,"column":12},"end":{"line":518,"column":12}},{"start":{"line":518,"column":12},"end":{"line":518,"column":12}}]},"41":{"line":541,"type":"if","locations":[{"start":{"line":541,"column":12},"end":{"line":541,"column":12}},{"start":{"line":541,"column":12},"end":{"line":541,"column":12}}]},"42":{"line":544,"type":"binary-expr","locations":[{"start":{"line":544,"column":18},"end":{"line":544,"column":21}},{"start":{"line":544,"column":25},"end":{"line":544,"column":33}}]},"43":{"line":545,"type":"binary-expr","locations":[{"start":{"line":545,"column":22},"end":{"line":545,"column":29}},{"start":{"line":545,"column":33},"end":{"line":545,"column":42}}]},"44":{"line":547,"type":"if","locations":[{"start":{"line":547,"column":12},"end":{"line":547,"column":12}},{"start":{"line":547,"column":12},"end":{"line":547,"column":12}}]},"45":{"line":547,"type":"binary-expr","locations":[{"start":{"line":547,"column":17},"end":{"line":547,"column":59}},{"start":{"line":547,"column":63},"end":{"line":547,"column":112}}]},"46":{"line":551,"type":"if","locations":[{"start":{"line":551,"column":20},"end":{"line":551,"column":20}},{"start":{"line":551,"column":20},"end":{"line":551,"column":20}}]},"47":{"line":567,"type":"if","locations":[{"start":{"line":567,"column":12},"end":{"line":567,"column":12}},{"start":{"line":567,"column":12},"end":{"line":567,"column":12}}]},"48":{"line":572,"type":"if","locations":[{"start":{"line":572,"column":12},"end":{"line":572,"column":12}},{"start":{"line":572,"column":12},"end":{"line":572,"column":12}}]},"49":{"line":577,"type":"if","locations":[{"start":{"line":577,"column":20},"end":{"line":577,"column":20}},{"start":{"line":577,"column":20},"end":{"line":577,"column":20}}]},"50":{"line":585,"type":"if","locations":[{"start":{"line":585,"column":24},"end":{"line":585,"column":24}},{"start":{"line":585,"column":24},"end":{"line":585,"column":24}}]},"51":{"line":585,"type":"binary-expr","locations":[{"start":{"line":585,"column":29},"end":{"line":585,"column":37}},{"start":{"line":585,"column":41},"end":{"line":585,"column":75}}]},"52":{"line":592,"type":"if","locations":[{"start":{"line":592,"column":24},"end":{"line":592,"column":24}},{"start":{"line":592,"column":24},"end":{"line":592,"column":24}}]},"53":{"line":596,"type":"if","locations":[{"start":{"line":596,"column":24},"end":{"line":596,"column":24}},{"start":{"line":596,"column":24},"end":{"line":596,"column":24}}]}}},"../src/lib/base64.js":{"path":"../src/lib/base64.js","s":{"1":1,"2":1,"3":0,"4":0,"5":0,"6":0,"7":0,"8":0,"9":0,"10":0,"11":0,"12":0,"13":0,"14":0,"15":0,"16":0,"17":0,"18":0,"19":0,"20":1,"21":0,"22":0,"23":0,"24":0,"25":0,"26":0,"27":0,"28":0,"29":0,"30":0,"31":0,"32":0,"33":0,"34":0,"35":0,"36":0,"37":0,"38":0,"39":1,"40":1,"41":1,"42":0,"43":0,"44":0,"45":0,"46":0,"47":0,"48":0,"49":0,"50":0,"51":0,"52":0,"53":0,"54":0,"55":0,"56":0,"57":0,"58":0,"59":0,"60":0,"61":0,"62":0,"63":0,"64":1,"65":1,"66":1,"67":64,"68":1,"69":1,"70":1,"71":0,"72":0,"73":0,"74":0,"75":0,"76":0,"77":0,"78":0,"79":0,"80":0,"81":0,"82":0,"83":0,"84":0,"85":0,"86":0,"87":1,"88":1,"89":0,"90":0,"91":0,"92":0,"93":1,"94":0,"95":0,"96":0,"97":1,"98":0,"99":0,"100":1,"101":0,"102":0,"103":1,"104":0,"105":0,"106":1,"107":0,"108":0,"109":1,"110":0,"111":0,"112":1,"113":0,"114":1,"115":0},"b":{"1":[0,0],"2":[0,0],"3":[0,0],"4":[0,0],"5":[0,0],"6":[0,0],"7":[0,0],"8":[0,0],"9":[0,0],"10":[0,0],"11":[0,0],"12":[0,1],"13":[0,1]},"f":{"1":0,"2":0,"3":1,"4":0,"5":1,"6":0,"7":0,"8":0,"9":0,"10":0,"11":0,"12":0,"13":0},"fnMap":{"1":{"name":"(anonymous_1)","line":7,"loc":{"start":{"line":7,"column":14},"end":{"line":7,"column":26}}},"2":{"name":"(anonymous_2)","line":29,"loc":{"start":{"line":29,"column":14},"end":{"line":29,"column":26}}},"3":{"name":"(anonymous_3)","line":55,"loc":{"start":{"line":55,"column":1},"end":{"line":55,"column":12}}},"4":{"name":"(anonymous_4)","line":56,"loc":{"start":{"line":56,"column":22},"end":{"line":56,"column":34}}},"5":{"name":"(anonymous_5)","line":82,"loc":{"start":{"line":82,"column":13},"end":{"line":82,"column":23}}},"6":{"name":"(anonymous_6)","line":90,"loc":{"start":{"line":90,"column":22},"end":{"line":90,"column":34}}},"7":{"name":"(anonymous_7)","line":112,"loc":{"start":{"line":112,"column":19},"end":{"line":112,"column":31}}},"8":{"name":"(anonymous_8)","line":119,"loc":{"start":{"line":119,"column":19},"end":{"line":119,"column":31}}},"9":{"name":"(anonymous_9)","line":125,"loc":{"start":{"line":125,"column":25},"end":{"line":125,"column":37}}},"10":{"name":"(anonymous_10)","line":129,"loc":{"start":{"line":129,"column":25},"end":{"line":129,"column":37}}},"11":{"name":"(anonymous_11)","line":133,"loc":{"start":{"line":133,"column":25},"end":{"line":133,"column":37}}},"12":{"name":"(anonymous_12)","line":137,"loc":{"start":{"line":137,"column":20},"end":{"line":137,"column":32}}},"13":{"name":"(anonymous_13)","line":141,"loc":{"start":{"line":141,"column":20},"end":{"line":141,"column":32}}}},"statementMap":{"1":{"start":{"line":6,"column":0},"end":{"line":6,"column":14}},"2":{"start":{"line":7,"column":0},"end":{"line":28,"column":2}},"3":{"start":{"line":8,"column":4},"end":{"line":8,"column":15}},"4":{"start":{"line":9,"column":4},"end":{"line":26,"column":5}},"5":{"start":{"line":10,"column":8},"end":{"line":10,"column":32}},"6":{"start":{"line":11,"column":8},"end":{"line":25,"column":9}},"7":{"start":{"line":12,"column":12},"end":{"line":12,"column":22}},"8":{"start":{"line":13,"column":15},"end":{"line":25,"column":9}},"9":{"start":{"line":14,"column":12},"end":{"line":14,"column":36}},"10":{"start":{"line":15,"column":12},"end":{"line":15,"column":36}},"11":{"start":{"line":16,"column":15},"end":{"line":25,"column":9}},"12":{"start":{"line":17,"column":12},"end":{"line":17,"column":37}},"13":{"start":{"line":18,"column":12},"end":{"line":18,"column":43}},"14":{"start":{"line":19,"column":12},"end":{"line":19,"column":36}},"15":{"start":{"line":21,"column":12},"end":{"line":21,"column":37}},"16":{"start":{"line":22,"column":12},"end":{"line":22,"column":44}},"17":{"start":{"line":23,"column":12},"end":{"line":23,"column":43}},"18":{"start":{"line":24,"column":12},"end":{"line":24,"column":36}},"19":{"start":{"line":27,"column":4},"end":{"line":27,"column":13}},"20":{"start":{"line":29,"column":0},"end":{"line":52,"column":2}},"21":{"start":{"line":30,"column":4},"end":{"line":30,"column":15}},"22":{"start":{"line":31,"column":4},"end":{"line":31,"column":14}},"23":{"start":{"line":32,"column":4},"end":{"line":50,"column":5}},"24":{"start":{"line":33,"column":8},"end":{"line":33,"column":23}},"25":{"start":{"line":34,"column":8},"end":{"line":48,"column":9}},"26":{"start":{"line":36,"column":15},"end":{"line":48,"column":9}},"27":{"start":{"line":37,"column":12},"end":{"line":37,"column":30}},"28":{"start":{"line":38,"column":12},"end":{"line":38,"column":31}},"29":{"start":{"line":39,"column":15},"end":{"line":48,"column":9}},"30":{"start":{"line":40,"column":12},"end":{"line":40,"column":31}},"31":{"start":{"line":41,"column":12},"end":{"line":41,"column":36}},"32":{"start":{"line":42,"column":12},"end":{"line":42,"column":31}},"33":{"start":{"line":44,"column":12},"end":{"line":44,"column":30}},"34":{"start":{"line":45,"column":12},"end":{"line":45,"column":37}},"35":{"start":{"line":46,"column":12},"end":{"line":46,"column":36}},"36":{"start":{"line":47,"column":12},"end":{"line":47,"column":31}},"37":{"start":{"line":49,"column":8},"end":{"line":49,"column":39}},"38":{"start":{"line":51,"column":4},"end":{"line":51,"column":22}},"39":{"start":{"line":54,"column":0},"end":{"line":54,"column":16}},"40":{"start":{"line":55,"column":0},"end":{"line":145,"column":71}},"41":{"start":{"line":56,"column":4},"end":{"line":81,"column":5}},"42":{"start":{"line":57,"column":8},"end":{"line":57,"column":18}},"43":{"start":{"line":58,"column":8},"end":{"line":58,"column":19}},"44":{"start":{"line":59,"column":8},"end":{"line":59,"column":35}},"45":{"start":{"line":60,"column":8},"end":{"line":67,"column":9}},"46":{"start":{"line":61,"column":12},"end":{"line":61,"column":58}},"47":{"start":{"line":62,"column":12},"end":{"line":62,"column":19}},"48":{"start":{"line":63,"column":12},"end":{"line":63,"column":45}},"49":{"start":{"line":64,"column":12},"end":{"line":64,"column":45}},"50":{"start":{"line":65,"column":12},"end":{"line":65,"column":44}},"51":{"start":{"line":66,"column":12},"end":{"line":66,"column":37}},"52":{"start":{"line":68,"column":8},"end":{"line":79,"column":9}},"53":{"start":{"line":69,"column":12},"end":{"line":69,"column":49}},"54":{"start":{"line":70,"column":12},"end":{"line":70,"column":45}},"55":{"start":{"line":71,"column":12},"end":{"line":71,"column":45}},"56":{"start":{"line":72,"column":12},"end":{"line":72,"column":44}},"57":{"start":{"line":73,"column":12},"end":{"line":73,"column":24}},"58":{"start":{"line":74,"column":15},"end":{"line":79,"column":9}},"59":{"start":{"line":75,"column":12},"end":{"line":75,"column":33}},"60":{"start":{"line":76,"column":12},"end":{"line":76,"column":45}},"61":{"start":{"line":77,"column":12},"end":{"line":77,"column":45}},"62":{"start":{"line":78,"column":12},"end":{"line":78,"column":25}},"63":{"start":{"line":80,"column":8},"end":{"line":80,"column":26}},"64":{"start":{"line":82,"column":4},"end":{"line":89,"column":9}},"65":{"start":{"line":83,"column":8},"end":{"line":83,"column":19}},"66":{"start":{"line":84,"column":8},"end":{"line":86,"column":9}},"67":{"start":{"line":85,"column":12},"end":{"line":85,"column":35}},"68":{"start":{"line":87,"column":8},"end":{"line":87,"column":33}},"69":{"start":{"line":88,"column":8},"end":{"line":88,"column":17}},"70":{"start":{"line":90,"column":4},"end":{"line":110,"column":5}},"71":{"start":{"line":91,"column":8},"end":{"line":91,"column":18}},"72":{"start":{"line":92,"column":8},"end":{"line":92,"column":19}},"73":{"start":{"line":93,"column":8},"end":{"line":93,"column":35}},"74":{"start":{"line":94,"column":8},"end":{"line":100,"column":9}},"75":{"start":{"line":95,"column":12},"end":{"line":95,"column":131}},"76":{"start":{"line":96,"column":12},"end":{"line":96,"column":36}},"77":{"start":{"line":97,"column":12},"end":{"line":97,"column":35}},"78":{"start":{"line":98,"column":12},"end":{"line":98,"column":28}},"79":{"start":{"line":99,"column":12},"end":{"line":99,"column":19}},"80":{"start":{"line":101,"column":8},"end":{"line":108,"column":9}},"81":{"start":{"line":102,"column":12},"end":{"line":107,"column":13}},"82":{"start":{"line":103,"column":16},"end":{"line":103,"column":24}},"83":{"start":{"line":104,"column":16},"end":{"line":104,"column":24}},"84":{"start":{"line":105,"column":19},"end":{"line":107,"column":13}},"85":{"start":{"line":106,"column":16},"end":{"line":106,"column":24}},"86":{"start":{"line":109,"column":8},"end":{"line":109,"column":17}},"87":{"start":{"line":111,"column":4},"end":{"line":111,"column":19}},"88":{"start":{"line":112,"column":4},"end":{"line":118,"column":6}},"89":{"start":{"line":113,"column":8},"end":{"line":113,"column":19}},"90":{"start":{"line":114,"column":8},"end":{"line":116,"column":9}},"91":{"start":{"line":115,"column":12},"end":{"line":115,"column":36}},"92":{"start":{"line":117,"column":8},"end":{"line":117,"column":17}},"93":{"start":{"line":119,"column":4},"end":{"line":124,"column":6}},"94":{"start":{"line":120,"column":8},"end":{"line":122,"column":9}},"95":{"start":{"line":121,"column":12},"end":{"line":121,"column":45}},"96":{"start":{"line":123,"column":8},"end":{"line":123,"column":26}},"97":{"start":{"line":125,"column":4},"end":{"line":128,"column":6}},"98":{"start":{"line":126,"column":8},"end":{"line":126,"column":31}},"99":{"start":{"line":127,"column":8},"end":{"line":127,"column":33}},"100":{"start":{"line":129,"column":4},"end":{"line":132,"column":6}},"101":{"start":{"line":130,"column":8},"end":{"line":130,"column":32}},"102":{"start":{"line":131,"column":8},"end":{"line":131,"column":30}},"103":{"start":{"line":133,"column":4},"end":{"line":136,"column":6}},"104":{"start":{"line":134,"column":8},"end":{"line":134,"column":31}},"105":{"start":{"line":135,"column":8},"end":{"line":135,"column":31}},"106":{"start":{"line":137,"column":4},"end":{"line":140,"column":6}},"107":{"start":{"line":138,"column":8},"end":{"line":138,"column":31}},"108":{"start":{"line":139,"column":8},"end":{"line":139,"column":30}},"109":{"start":{"line":141,"column":4},"end":{"line":144,"column":6}},"110":{"start":{"line":142,"column":8},"end":{"line":142,"column":31}},"111":{"start":{"line":143,"column":8},"end":{"line":143,"column":30}},"112":{"start":{"line":147,"column":0},"end":{"line":149,"column":1}},"113":{"start":{"line":148,"column":4},"end":{"line":148,"column":29}},"114":{"start":{"line":150,"column":0},"end":{"line":152,"column":1}},"115":{"start":{"line":151,"column":4},"end":{"line":151,"column":29}}},"branchMap":{"1":{"line":11,"type":"if","locations":[{"start":{"line":11,"column":8},"end":{"line":11,"column":8}},{"start":{"line":11,"column":8},"end":{"line":11,"column":8}}]},"2":{"line":13,"type":"if","locations":[{"start":{"line":13,"column":15},"end":{"line":13,"column":15}},{"start":{"line":13,"column":15},"end":{"line":13,"column":15}}]},"3":{"line":16,"type":"if","locations":[{"start":{"line":16,"column":15},"end":{"line":16,"column":15}},{"start":{"line":16,"column":15},"end":{"line":16,"column":15}}]},"4":{"line":34,"type":"if","locations":[{"start":{"line":34,"column":8},"end":{"line":34,"column":8}},{"start":{"line":34,"column":8},"end":{"line":34,"column":8}}]},"5":{"line":36,"type":"if","locations":[{"start":{"line":36,"column":15},"end":{"line":36,"column":15}},{"start":{"line":36,"column":15},"end":{"line":36,"column":15}}]},"6":{"line":39,"type":"if","locations":[{"start":{"line":39,"column":15},"end":{"line":39,"column":15}},{"start":{"line":39,"column":15},"end":{"line":39,"column":15}}]},"7":{"line":68,"type":"if","locations":[{"start":{"line":68,"column":8},"end":{"line":68,"column":8}},{"start":{"line":68,"column":8},"end":{"line":68,"column":8}}]},"8":{"line":74,"type":"if","locations":[{"start":{"line":74,"column":15},"end":{"line":74,"column":15}},{"start":{"line":74,"column":15},"end":{"line":74,"column":15}}]},"9":{"line":101,"type":"if","locations":[{"start":{"line":101,"column":8},"end":{"line":101,"column":8}},{"start":{"line":101,"column":8},"end":{"line":101,"column":8}}]},"10":{"line":102,"type":"if","locations":[{"start":{"line":102,"column":12},"end":{"line":102,"column":12}},{"start":{"line":102,"column":12},"end":{"line":102,"column":12}}]},"11":{"line":105,"type":"if","locations":[{"start":{"line":105,"column":19},"end":{"line":105,"column":19}},{"start":{"line":105,"column":19},"end":{"line":105,"column":19}}]},"12":{"line":147,"type":"if","locations":[{"start":{"line":147,"column":0},"end":{"line":147,"column":0}},{"start":{"line":147,"column":0},"end":{"line":147,"column":0}}]},"13":{"line":150,"type":"if","locations":[{"start":{"line":150,"column":0},"end":{"line":150,"column":0}},{"start":{"line":150,"column":0},"end":{"line":150,"column":0}}]}}}}